<?xml version="1.0" encoding="utf-8"?><testsuites name="pytest tests"><testsuite name="pytest" errors="0" failures="0" skipped="0" tests="16" time="15.965" timestamp="2026-02-18T18:16:32.062037+00:00" hostname="agent-env-ae96a383-2c75-4fc7-801f-1d2f9b22e9fb"><testcase classname="tests.test_admin_plans.TestHealthAndProviders" name="test_health_check" time="0.232" /><testcase classname="tests.test_admin_plans.TestHealthAndProviders" name="test_get_providers_returns_data" time="2.276" /><testcase classname="tests.test_admin_plans.TestSubscriptionPlansPublic" name="test_get_subscription_plans_returns_3_plans" time="0.273" /><testcase classname="tests.test_admin_plans.TestSubscriptionPlansPublic" name="test_subscription_plans_have_correct_structure" time="0.275" /><testcase classname="tests.test_admin_plans.TestSubscriptionPlansPublic" name="test_subscription_plans_sorted_by_price" time="0.375" /><testcase classname="tests.test_admin_plans.TestAuthEndpoints" name="test_admin_login_success" time="0.528" /><testcase classname="tests.test_admin_plans.TestAuthEndpoints" name="test_register_new_user" time="0.699" /><testcase classname="tests.test_admin_plans.TestAdminPlansEndpoints" name="test_get_admin_plans_requires_auth" time="0.113" /><testcase classname="tests.test_admin_plans.TestAdminPlansEndpoints" name="test_get_admin_plans_success" time="1.026" /><testcase classname="tests.test_admin_plans.TestAdminPlansEndpoints" name="test_create_plan_success" time="0.965" /><testcase classname="tests.test_admin_plans.TestAdminPlansEndpoints" name="test_update_plan_success" time="1.521" /><testcase classname="tests.test_admin_plans.TestAdminPlansEndpoints" name="test_toggle_plan_deactivate" time="2.171" /><testcase classname="tests.test_admin_plans.TestAdminPlansEndpoints" name="test_delete_plan_success" time="1.478" /><testcase classname="tests.test_admin_plans.TestAdminPlansEndpoints" name="test_delete_nonexistent_plan_returns_404" time="0.478" /><testcase classname="tests.test_admin_plans.TestAdminPlansEndpoints" name="test_regular_user_cannot_access_admin_plans" time="1.053" /><testcase classname="tests.test_admin_plans.TestInactivePlansFiltering" name="test_inactive_plans_not_in_public_endpoint" time="2.405" /></testsuite></testsuites>