<?xml version="1.0" encoding="utf-8"?><testsuites name="pytest tests"><testsuite name="pytest" errors="0" failures="0" skipped="0" tests="22" time="1.078" timestamp="2026-02-04T20:59:18.629379+00:00" hostname="agent-env-e1c0d4d7-eaba-4fa2-95eb-c1445636d6a5"><testcase classname="backend.tests.test_admin_notifications_api.TestAdminStatsEndpoint" name="test_admin_stats_with_admin_auth" time="0.079" /><testcase classname="backend.tests.test_admin_notifications_api.TestAdminStatsEndpoint" name="test_admin_stats_requires_admin_role" time="0.043" /><testcase classname="backend.tests.test_admin_notifications_api.TestAdminStatsEndpoint" name="test_admin_stats_requires_auth" time="0.041" /><testcase classname="backend.tests.test_admin_notifications_api.TestAdminPendingProvidersEndpoint" name="test_get_pending_providers_with_admin" time="0.045" /><testcase classname="backend.tests.test_admin_notifications_api.TestAdminPendingProvidersEndpoint" name="test_pending_providers_requires_admin" time="0.052" /><testcase classname="backend.tests.test_admin_notifications_api.TestAdminAllProvidersEndpoint" name="test_get_all_providers_with_admin" time="0.057" /><testcase classname="backend.tests.test_admin_notifications_api.TestAdminAllProvidersEndpoint" name="test_all_providers_requires_admin" time="0.045" /><testcase classname="backend.tests.test_admin_notifications_api.TestAdminApproveProviderEndpoint" name="test_approve_provider_not_found" time="0.038" /><testcase classname="backend.tests.test_admin_notifications_api.TestAdminApproveProviderEndpoint" name="test_approve_provider_requires_admin" time="0.040" /><testcase classname="backend.tests.test_admin_notifications_api.TestAdminRejectProviderEndpoint" name="test_reject_provider_not_found" time="0.037" /><testcase classname="backend.tests.test_admin_notifications_api.TestAdminRejectProviderEndpoint" name="test_reject_provider_requires_admin" time="0.041" /><testcase classname="backend.tests.test_admin_notifications_api.TestAdminVerifyProviderEndpoint" name="test_verify_provider_not_found" time="0.047" /><testcase classname="backend.tests.test_admin_notifications_api.TestAdminVerifyProviderEndpoint" name="test_verify_provider_requires_admin" time="0.049" /><testcase classname="backend.tests.test_admin_notifications_api.TestNotificationsEndpoint" name="test_get_notifications_with_auth" time="0.038" /><testcase classname="backend.tests.test_admin_notifications_api.TestNotificationsEndpoint" name="test_notifications_requires_auth" time="0.042" /><testcase classname="backend.tests.test_admin_notifications_api.TestUnreadCountEndpoint" name="test_get_unread_count_with_auth" time="0.048" /><testcase classname="backend.tests.test_admin_notifications_api.TestUnreadCountEndpoint" name="test_unread_count_requires_auth" time="0.043" /><testcase classname="backend.tests.test_admin_notifications_api.TestMarkNotificationReadEndpoint" name="test_mark_read_requires_auth" time="0.042" /><testcase classname="backend.tests.test_admin_notifications_api.TestMarkNotificationReadEndpoint" name="test_mark_read_invalid_id" time="0.041" /><testcase classname="backend.tests.test_admin_notifications_api.TestMarkAllReadEndpoint" name="test_mark_all_read_with_auth" time="0.044" /><testcase classname="backend.tests.test_admin_notifications_api.TestMarkAllReadEndpoint" name="test_mark_all_read_requires_auth" time="0.040" /><testcase classname="backend.tests.test_admin_notifications_api.TestAdminWorkflow" name="test_admin_stats_reflects_correct_counts" time="0.046" /></testsuite></testsuites>