<?xml version="1.0" encoding="utf-8"?><testsuites name="pytest tests"><testsuite name="pytest" errors="0" failures="1" skipped="0" tests="15" time="4.393" timestamp="2026-02-18T17:44:07.413273+00:00" hostname="agent-env-ae96a383-2c75-4fc7-801f-1d2f9b22e9fb"><testcase classname="tests.test_auth_password_recovery.TestGoogleOAuth" name="test_google_login_invalid_credential_returns_401" time="0.340" /><testcase classname="tests.test_auth_password_recovery.TestGoogleOAuth" name="test_google_login_missing_credential_returns_422" time="0.086" /><testcase classname="tests.test_auth_password_recovery.TestGoogleOAuth" name="test_google_login_empty_credential_returns_401" time="0.109" /><testcase classname="tests.test_auth_password_recovery.TestForgotPassword" name="test_forgot_password_registered_email_returns_success_or_500" time="0.348"><failure message="AssertionError: Expected 200 or 500, got 520&#10;assert 520 in [200, 500]&#10; +  where 520 = &lt;Response [520]&gt;.status_code">tests/test_auth_password_recovery.py:93: in test_forgot_password_registered_email_returns_success_or_500
    assert response.status_code in [200, 500], f"Expected 200 or 500, got {response.status_code}"
E   AssertionError: Expected 200 or 500, got 520
E   assert 520 in [200, 500]
E    +  where 520 = &lt;Response [520]&gt;.status_code</failure></testcase><testcase classname="tests.test_auth_password_recovery.TestForgotPassword" name="test_forgot_password_unregistered_email_returns_200" time="0.062" /><testcase classname="tests.test_auth_password_recovery.TestForgotPassword" name="test_forgot_password_missing_email_returns_422" time="0.064" /><testcase classname="tests.test_auth_password_recovery.TestResetPassword" name="test_reset_password_invalid_token_returns_400" time="0.090" /><testcase classname="tests.test_auth_password_recovery.TestResetPassword" name="test_reset_password_short_password_returns_400" time="0.068" /><testcase classname="tests.test_auth_password_recovery.TestResetPassword" name="test_reset_password_missing_fields_returns_422" time="0.082" /><testcase classname="tests.test_auth_password_recovery.TestResetPassword" name="test_reset_password_with_valid_token_works" time="1.392" /><testcase classname="tests.test_auth_password_recovery.TestResetPassword" name="test_reset_password_expired_token_returns_400" time="0.373" /><testcase classname="tests.test_auth_password_recovery.TestExistingAuthEndpoints" name="test_login_still_works" time="0.327" /><testcase classname="tests.test_auth_password_recovery.TestExistingAuthEndpoints" name="test_register_still_works" time="0.333" /><testcase classname="tests.test_auth_password_recovery.TestExistingAuthEndpoints" name="test_auth_me_still_works" time="0.390" /><testcase classname="tests.test_auth_password_recovery.TestExistingAuthEndpoints" name="test_auth_me_without_token_returns_401" time="0.121" /></testsuite></testsuites>