<?xml version="1.0" encoding="utf-8"?><testsuites name="pytest tests"><testsuite name="pytest" errors="0" failures="0" skipped="0" tests="15" time="7.420" timestamp="2026-02-18T14:32:11.945323+00:00" hostname="agent-env-ae96a383-2c75-4fc7-801f-1d2f9b22e9fb"><testcase classname="backend.tests.test_email_auth_api.TestRegisterEndpoint" name="test_register_success" time="0.486" /><testcase classname="backend.tests.test_email_auth_api.TestRegisterEndpoint" name="test_register_duplicate_email" time="0.569" /><testcase classname="backend.tests.test_email_auth_api.TestRegisterEndpoint" name="test_register_short_password" time="0.119" /><testcase classname="backend.tests.test_email_auth_api.TestRegisterEndpoint" name="test_register_missing_fields" time="0.474" /><testcase classname="backend.tests.test_email_auth_api.TestLoginEndpoint" name="test_login_success" time="0.677" /><testcase classname="backend.tests.test_email_auth_api.TestLoginEndpoint" name="test_login_wrong_password" time="0.784" /><testcase classname="backend.tests.test_email_auth_api.TestLoginEndpoint" name="test_login_nonexistent_email" time="0.628" /><testcase classname="backend.tests.test_email_auth_api.TestLoginEndpoint" name="test_login_missing_fields" time="0.633" /><testcase classname="backend.tests.test_email_auth_api.TestGetMeEndpoint" name="test_get_me_with_jwt_token" time="0.475" /><testcase classname="backend.tests.test_email_auth_api.TestGetMeEndpoint" name="test_get_me_no_token" time="0.111" /><testcase classname="backend.tests.test_email_auth_api.TestGetMeEndpoint" name="test_get_me_invalid_token" time="0.147" /><testcase classname="backend.tests.test_email_auth_api.TestLogoutEndpoint" name="test_logout_success" time="0.174" /><testcase classname="backend.tests.test_email_auth_api.TestLogoutEndpoint" name="test_logout_with_jwt_user" time="0.471" /><testcase classname="backend.tests.test_email_auth_api.TestEndToEndAuthFlow" name="test_full_register_login_flow" time="0.884" /><testcase classname="backend.tests.test_email_auth_api.TestEndToEndAuthFlow" name="test_provided_credentials" time="0.708" /></testsuite></testsuites>