<?xml version="1.0" encoding="utf-8"?><testsuites name="pytest tests"><testsuite name="pytest" errors="0" failures="0" skipped="0" tests="12" time="7.018" timestamp="2026-02-18T19:52:52.738895+00:00" hostname="agent-env-e932a1a8-6b03-483a-95cb-52c95437ba7b"><testcase classname="tests.test_google_oauth_redirect.TestGoogleOAuthRedirectFlow" name="test_api_health" time="0.230" /><testcase classname="tests.test_google_oauth_redirect.TestGoogleOAuthRedirectFlow" name="test_google_auth_with_code_and_redirect_uri" time="0.341" /><testcase classname="tests.test_google_oauth_redirect.TestGoogleOAuthRedirectFlow" name="test_google_auth_with_credential_legacy" time="0.402" /><testcase classname="tests.test_google_oauth_redirect.TestGoogleOAuthRedirectFlow" name="test_google_auth_missing_params" time="0.182" /><testcase classname="tests.test_google_oauth_redirect.TestGoogleOAuthRedirectFlow" name="test_google_auth_code_without_redirect_uri" time="0.138" /><testcase classname="tests.test_google_oauth_redirect.TestEmailAuthRegression" name="test_email_login_success" time="2.222" /><testcase classname="tests.test_google_oauth_redirect.TestEmailAuthRegression" name="test_email_login_invalid_credentials" time="0.301" /><testcase classname="tests.test_google_oauth_redirect.TestEmailAuthRegression" name="test_email_register_new_user" time="0.727" /><testcase classname="tests.test_google_oauth_redirect.TestEmailAuthRegression" name="test_email_register_duplicate_email" time="1.024" /><testcase classname="tests.test_google_oauth_redirect.TestEmailAuthRegression" name="test_email_register_short_password" time="0.182" /><testcase classname="tests.test_google_oauth_redirect.TestAuthMeEndpoint" name="test_auth_me_with_valid_token" time="0.983" /><testcase classname="tests.test_google_oauth_redirect.TestAuthMeEndpoint" name="test_auth_me_without_token" time="0.200" /></testsuite></testsuites>