<?xml version="1.0" encoding="utf-8"?><testsuites name="pytest tests"><testsuite name="pytest" errors="0" failures="0" skipped="0" tests="7" time="9.696" timestamp="2026-05-27T21:00:35.335441+00:00" hostname="agent-env-b03cbb91-ae80-474a-ae19-eb636b302910"><testcase classname="backend.tests.test_iteration_47_care_types" name="test_target_provider_has_care_types" time="2.074" /><testcase classname="backend.tests.test_iteration_47_care_types" name="test_filter_providers_by_care_types_autovalentes" time="0.594" /><testcase classname="backend.tests.test_iteration_47_care_types" name="test_filter_providers_by_care_types_dependientes_excludes_target" time="0.413" /><testcase classname="backend.tests.test_iteration_47_care_types" name="test_admin_update_care_types_persists" time="1.932" /><testcase classname="backend.tests.test_iteration_47_care_types" name="test_admin_update_care_types_with_new_value" time="2.660" /><testcase classname="backend.tests.test_iteration_47_care_types" name="test_filter_multiple_care_types_comma_separated_AND_semantics" time="0.532" /><testcase classname="backend.tests.test_iteration_47_care_types" name="test_providers_endpoint_returns_care_types_field" time="1.429" /></testsuite></testsuites>