<?xml version="1.0" encoding="utf-8"?><testsuites name="pytest tests"><testsuite name="pytest" errors="0" failures="0" skipped="1" tests="12" time="10.616" timestamp="2026-03-05T17:56:44.625690+00:00" hostname="agent-env-4ecc0fb4-daa6-4995-ab7a-172d8459dedc"><testcase classname="backend.tests.test_iteration_20_proposals.TestProposalSetup" name="test_client_has_pet" time="1.211" /><testcase classname="backend.tests.test_iteration_20_proposals.TestCareRequestCreation" name="test_create_care_request" time="1.316" /><testcase classname="backend.tests.test_iteration_20_proposals.TestCareRequestCreation" name="test_get_my_care_requests" time="0.346" /><testcase classname="backend.tests.test_iteration_20_proposals.TestProviderAccessToCareRequests" name="test_free_provider_can_see_care_requests" time="1.132" /><testcase classname="backend.tests.test_iteration_20_proposals.TestProposalCreation" name="test_free_provider_cannot_create_proposal" time="1.881" /><testcase classname="backend.tests.test_iteration_20_proposals.TestProposalCreation" name="test_client_cannot_create_proposal" time="0.364" /><testcase classname="backend.tests.test_iteration_20_proposals.TestProposalGetEndpoints" name="test_get_my_sent_proposals" time="0.885" /><testcase classname="backend.tests.test_iteration_20_proposals.TestProposalGetEndpoints" name="test_get_received_proposals" time="0.957" /><testcase classname="backend.tests.test_iteration_20_proposals.TestProposalGetEndpoints" name="test_get_proposals_for_request" time="0.826" /><testcase classname="backend.tests.test_iteration_20_proposals.TestProposalResponse" name="test_invalid_response_status" time="0.706" /><testcase classname="backend.tests.test_iteration_20_proposals.TestProposalResponse" name="test_proposal_not_found" time="0.354" /><testcase classname="backend.tests.test_iteration_20_proposals.TestSubscribedProviderWorkflow" name="test_check_provider_subscription_status" time="0.575"><skipped type="pytest.skip" message="Cannot access admin users endpoint">/app/backend/tests/test_iteration_20_proposals.py:414: Cannot access admin users endpoint</skipped></testcase></testsuite></testsuites>