<?xml version="1.0" encoding="utf-8"?><testsuites name="pytest tests"><testsuite name="pytest" errors="0" failures="0" skipped="0" tests="8" time="11.157" timestamp="2026-03-30T16:48:42.226507+00:00" hostname="agent-env-f177e665-6daf-467e-b2b7-6395c4c28375"><testcase classname="backend.tests.test_iteration_41_google_places.TestAdminAuth" name="test_admin_login" time="1.839" /><testcase classname="backend.tests.test_iteration_41_google_places.TestProviderWithGoogleData" name="test_get_provider_with_google_reviews" time="1.240" /><testcase classname="backend.tests.test_iteration_41_google_places.TestProviderWithGoogleData" name="test_provider_has_coordinates" time="1.176" /><testcase classname="backend.tests.test_iteration_41_google_places.TestCreateResidenciaWithGoogleData" name="test_create_residencia_with_google_data" time="2.105" /><testcase classname="backend.tests.test_iteration_41_google_places.TestCreateResidenciaWithGoogleData" name="test_create_residencia_without_google_data" time="1.423" /><testcase classname="backend.tests.test_iteration_41_google_places.TestGooglePlaceEndpoints" name="test_google_place_endpoint_exists" time="0.897" /><testcase classname="backend.tests.test_iteration_41_google_places.TestGooglePlaceEndpoints" name="test_refresh_google_endpoint_exists" time="0.963" /><testcase classname="backend.tests.test_iteration_41_google_places.TestResidenciaCreateModel" name="test_model_accepts_all_google_fields" time="1.450" /></testsuite></testsuites>