<?xml version="1.0" encoding="utf-8"?><testsuites name="pytest tests"><testsuite name="pytest" errors="0" failures="0" skipped="0" tests="15" time="19.403" timestamp="2026-02-18T19:03:34.434651+00:00" hostname="agent-env-ae96a383-2c75-4fc7-801f-1d2f9b22e9fb"><testcase classname="backend.tests.test_iteration_9.TestProviderInfoGating" name="test_providers_list_non_authenticated_shows_masked_data" time="1.135" /><testcase classname="backend.tests.test_iteration_9.TestProviderInfoGating" name="test_provider_detail_non_authenticated_contact_blocked" time="1.813" /><testcase classname="backend.tests.test_iteration_9.TestProviderInfoGating" name="test_provider_detail_authenticated_no_subscription_still_blocked" time="2.616" /><testcase classname="backend.tests.test_iteration_9.TestReviewPhotoUpload" name="test_photo_upload_requires_authentication" time="0.322" /><testcase classname="backend.tests.test_iteration_9.TestReviewPhotoUpload" name="test_photo_upload_requires_subscription" time="0.916" /><testcase classname="backend.tests.test_iteration_9.TestReviewPhotoUpload" name="test_review_create_requires_subscription" time="1.956" /><testcase classname="backend.tests.test_iteration_9.TestAdminMetrics" name="test_admin_metrics_requires_authentication" time="0.263" /><testcase classname="backend.tests.test_iteration_9.TestAdminMetrics" name="test_admin_metrics_returns_6_months_data" time="4.490" /><testcase classname="backend.tests.test_iteration_9.TestReviewModelPhotos" name="test_review_model_accepts_photos_array" time="1.895" /><testcase classname="backend.tests.test_iteration_9.TestProviderServices" name="test_providers_services_have_pet_sizes" time="0.972" /><testcase classname="backend.tests.test_iteration_9.TestServiceTypes" name="test_service_type_alojamiento" time="0.698" /><testcase classname="backend.tests.test_iteration_9.TestServiceTypes" name="test_service_type_guarderia" time="0.790" /><testcase classname="backend.tests.test_iteration_9.TestServiceTypes" name="test_service_type_paseo" time="0.771" /><testcase classname="backend.tests.test_iteration_9.TestHealthAndBasics" name="test_health_endpoint" time="0.451" /><testcase classname="backend.tests.test_iteration_9.TestHealthAndBasics" name="test_subscription_plans_endpoint" time="0.260" /></testsuite></testsuites>