<?xml version="1.0" encoding="utf-8"?><testsuites name="pytest tests"><testsuite name="pytest" errors="0" failures="0" skipped="1" tests="13" time="19.760" timestamp="2026-04-07T04:03:23.284483+00:00" hostname="agent-env-c120cde6-4c27-4c7e-93f0-0fd7ed0243ca"><testcase classname="backend.tests.test_iteration_45_plan_system.TestPlanSystemBackend" name="test_provider_ordering_by_plan" time="2.826" /><testcase classname="backend.tests.test_iteration_45_plan_system.TestPlanSystemBackend" name="test_provider_search_returns_plan_type" time="0.715" /><testcase classname="backend.tests.test_iteration_45_plan_system.TestPlanSystemBackend" name="test_admin_can_update_plan_type" time="2.353" /><testcase classname="backend.tests.test_iteration_45_plan_system.TestPlanSystemBackend" name="test_admin_can_update_plan_active" time="2.360" /><testcase classname="backend.tests.test_iteration_45_plan_system.TestPlanSystemBackend" name="test_admin_can_update_verified" time="2.315" /><testcase classname="backend.tests.test_iteration_45_plan_system.TestPlanSystemBackend" name="test_admin_credentials_endpoint_exists" time="1.389" /><testcase classname="backend.tests.test_iteration_45_plan_system.TestPlanSystemBackend" name="test_admin_can_update_email" time="1.708" /><testcase classname="backend.tests.test_iteration_45_plan_system.TestPlanSystemBackend" name="test_client_has_subscription_true" time="0.718" /><testcase classname="backend.tests.test_iteration_45_plan_system.TestPlanSystemBackend" name="test_provider_has_subscription_based_on_plan" time="0.249"><skipped type="pytest.skip" message="Provider login failed: {&quot;detail&quot;:&quot;Correo o contraseña incorrectos&quot;}">/app/backend/tests/test_iteration_45_plan_system.py:294: Provider login failed: {"detail":"Correo o contraseña incorrectos"}</skipped></testcase><testcase classname="backend.tests.test_iteration_45_plan_system.TestPlanSystemBackend" name="test_provider_profile_returns_plan_type" time="1.335" /><testcase classname="backend.tests.test_iteration_45_plan_system.TestPlanSystemBackend" name="test_provider_search_featured_filter" time="0.702" /><testcase classname="backend.tests.test_iteration_45_plan_system.TestPlanSystemBackend" name="test_valid_plan_types" time="0.701" /><testcase classname="backend.tests.test_iteration_45_plan_system.TestAdminEditModalBackend" name="test_admin_profile_update_accepts_all_settings_fields" time="2.312" /></testsuite></testsuites>