<?xml version="1.0" encoding="utf-8"?><testsuites name="pytest tests"><testsuite name="pytest" errors="0" failures="0" skipped="0" tests="14" time="24.245" timestamp="2026-02-18T19:22:10.783017+00:00" hostname="agent-env-ae96a383-2c75-4fc7-801f-1d2f9b22e9fb"><testcase classname="backend.tests.test_iteration_10.TestProviderServiceTypeFilters" name="test_filter_by_paseo_service_type" time="2.112" /><testcase classname="backend.tests.test_iteration_10.TestProviderServiceTypeFilters" name="test_filter_by_alojamiento_service_type" time="0.720" /><testcase classname="backend.tests.test_iteration_10.TestProviderServiceTypeFilters" name="test_filter_by_guarderia_service_type" time="0.770" /><testcase classname="backend.tests.test_iteration_10.TestProviderServiceTypeFilters" name="test_all_providers_no_filter" time="1.026" /><testcase classname="backend.tests.test_iteration_10.TestProviderDateFiltering" name="test_always_active_providers_appear_with_date_filter" time="1.007" /><testcase classname="backend.tests.test_iteration_10.TestProviderDateFiltering" name="test_multiple_dates_filter" time="1.021" /><testcase classname="backend.tests.test_iteration_10.TestProviderDateFiltering" name="test_combined_service_and_date_filter" time="0.719" /><testcase classname="backend.tests.test_iteration_10.TestAuthenticatedProviderEndpoints" name="test_get_my_profile_authenticated" time="2.207" /><testcase classname="backend.tests.test_iteration_10.TestAuthenticatedProviderEndpoints" name="test_put_my_profile_updates_always_active" time="2.715" /><testcase classname="backend.tests.test_iteration_10.TestAuthenticatedProviderEndpoints" name="test_put_my_services_updates_services_list" time="3.287" /><testcase classname="backend.tests.test_iteration_10.TestAdminMetrics" name="test_admin_metrics_returns_time_series" time="4.305" /><testcase classname="backend.tests.test_iteration_10.TestProviderServicesOffered" name="test_providers_have_services_with_details" time="1.056" /><testcase classname="backend.tests.test_iteration_10.TestProviderCreationAndUpdate" name="test_create_provider_with_services_offered" time="2.131" /><testcase classname="backend.tests.test_iteration_10.TestProviderAlwaysActive" name="test_providers_have_always_active_field" time="1.069" /></testsuite></testsuites>