<?xml version="1.0" encoding="utf-8"?><testsuites name="pytest tests"><testsuite name="pytest" errors="0" failures="1" skipped="0" tests="21" time="15.668" timestamp="2026-02-20T02:23:03.016131+00:00" hostname="agent-env-e932a1a8-6b03-483a-95cb-52c95437ba7b"><testcase classname="backend.tests.test_iteration_13.TestHealthAndAuth" name="test_health_check" time="0.181" /><testcase classname="backend.tests.test_iteration_13.TestHealthAndAuth" name="test_admin_login" time="1.879" /><testcase classname="backend.tests.test_iteration_13.TestPetCRUD" name="test_get_pets" time="0.929" /><testcase classname="backend.tests.test_iteration_13.TestPetCRUD" name="test_create_pet" time="0.418" /><testcase classname="backend.tests.test_iteration_13.TestPetCRUD" name="test_create_and_verify_pet_persistence" time="1.424" /><testcase classname="backend.tests.test_iteration_13.TestPetCRUD" name="test_delete_pet" time="1.331" /><testcase classname="backend.tests.test_iteration_13.TestPetCRUD" name="test_delete_nonexistent_pet" time="0.418" /><testcase classname="backend.tests.test_iteration_13.TestPetCRUD" name="test_pets_require_auth" time="0.169" /><testcase classname="backend.tests.test_iteration_13.TestPhotoUpload" name="test_upload_pet_photo" time="0.789" /><testcase classname="backend.tests.test_iteration_13.TestPhotoUpload" name="test_upload_profile_photo" time="0.421" /><testcase classname="backend.tests.test_iteration_13.TestPhotoUpload" name="test_photo_upload_requires_auth" time="0.363" /><testcase classname="backend.tests.test_iteration_13.TestSOSConfig" name="test_get_sos_config_admin" time="0.954" /><testcase classname="backend.tests.test_iteration_13.TestSOSConfig" name="test_update_sos_config" time="0.998" /><testcase classname="backend.tests.test_iteration_13.TestSOSConfig" name="test_get_sos_info_authenticated" time="0.443" /><testcase classname="backend.tests.test_iteration_13.TestSOSConfig" name="test_sos_info_requires_auth" time="0.160" /><testcase classname="backend.tests.test_iteration_13.TestSOSConfig" name="test_sos_admin_requires_admin_role" time="0.887" /><testcase classname="backend.tests.test_iteration_13.TestProviderApproval" name="test_provider_approved_by_default" time="0.874"><failure message="assert 422 == 200&#10; +  where 422 = &lt;Response [422]&gt;.status_code">backend/tests/test_iteration_13.py:384: in test_provider_approved_by_default
    assert response.status_code == 200
E   assert 422 == 200
E    +  where 422 = &lt;Response [422]&gt;.status_code</failure></testcase><testcase classname="backend.tests.test_iteration_13.TestRegressionEndpoints" name="test_get_providers" time="1.951" /><testcase classname="backend.tests.test_iteration_13.TestRegressionEndpoints" name="test_get_subscription_plans" time="0.244" /><testcase classname="backend.tests.test_iteration_13.TestRegressionEndpoints" name="test_auth_me" time="0.432" /><testcase classname="backend.tests.test_iteration_13.TestRegressionEndpoints" name="test_invalid_login" time="0.299" /></testsuite></testsuites>