<?xml version="1.0" encoding="utf-8"?><testsuites name="pytest tests"><testsuite name="pytest" errors="0" failures="0" skipped="0" tests="15" time="12.877" timestamp="2026-03-14T06:06:23.193069+00:00" hostname="agent-env-57d69c9d-b650-4301-a672-bb78f9c11f80"><testcase classname="backend.tests.test_iteration_31_bulk_upload.TestProviderSearch" name="test_search_providers_default_limit" time="2.202" /><testcase classname="backend.tests.test_iteration_31_bulk_upload.TestProviderSearch" name="test_search_providers_high_limit_returns_200_plus" time="0.896" /><testcase classname="backend.tests.test_iteration_31_bulk_upload.TestProviderSearch" name="test_search_providers_have_required_fields" time="0.536" /><testcase classname="backend.tests.test_iteration_31_bulk_upload.TestProviderSearch" name="test_search_by_service_type_residencias" time="0.702" /><testcase classname="backend.tests.test_iteration_31_bulk_upload.TestProviderSearch" name="test_search_by_service_type_cuidado_domicilio" time="0.576" /><testcase classname="backend.tests.test_iteration_31_bulk_upload.TestProviderSearch" name="test_search_by_service_type_salud_mental" time="0.543" /><testcase classname="backend.tests.test_iteration_31_bulk_upload.TestProviderSearch" name="test_search_by_comuna" time="1.106" /><testcase classname="backend.tests.test_iteration_31_bulk_upload.TestProviderDetail" name="test_get_provider_detail" time="1.249" /><testcase classname="backend.tests.test_iteration_31_bulk_upload.TestProviderDetail" name="test_get_provider_detail_not_found" time="0.252" /><testcase classname="backend.tests.test_iteration_31_bulk_upload.TestAdminAuth" name="test_admin_login" time="0.486" /><testcase classname="backend.tests.test_iteration_31_bulk_upload.TestAdminAuth" name="test_admin_stats" time="1.587" /><testcase classname="backend.tests.test_iteration_31_bulk_upload.TestBulkUploadEndpoint" name="test_bulk_upload_requires_auth" time="0.102" /><testcase classname="backend.tests.test_iteration_31_bulk_upload.TestBulkUploadEndpoint" name="test_bulk_upload_with_csv" time="1.468" /><testcase classname="backend.tests.test_iteration_31_bulk_upload.TestHomePageCategories" name="test_home_page_featured_providers" time="0.544" /><testcase classname="backend.tests.test_iteration_31_bulk_upload.TestHomePageCategories" name="test_providers_sorted_by_rating" time="0.560" /></testsuite></testsuites>