<?xml version="1.0" encoding="utf-8"?><testsuites name="pytest tests"><testsuite name="pytest" errors="0" failures="0" skipped="0" tests="8" time="3.500" timestamp="2026-03-14T04:25:21.853553+00:00" hostname="agent-env-0b078760-470a-40e5-bf54-910c53abb69d"><testcase classname="tests.test_iteration_30_partner_leads.TestPartnerLeadsAPI" name="test_create_lead_full_fields" time="1.571" /><testcase classname="tests.test_iteration_30_partner_leads.TestPartnerLeadsAPI" name="test_create_lead_minimal_fields" time="0.259" /><testcase classname="tests.test_iteration_30_partner_leads.TestPartnerLeadsAPI" name="test_create_lead_missing_required_field" time="0.113" /><testcase classname="tests.test_iteration_30_partner_leads.TestPartnerLeadsAPI" name="test_get_all_leads" time="0.248" /><testcase classname="tests.test_iteration_30_partner_leads.TestPartnerLeadsAPI" name="test_get_leads_sorted_by_date_desc" time="0.251" /><testcase classname="tests.test_iteration_30_partner_leads.TestPartnerLeadsAPI" name="test_get_leads_by_partner_slug" time="0.246" /><testcase classname="tests.test_iteration_30_partner_leads.TestPartnerLeadsAPI" name="test_lead_stats_endpoint" time="0.253" /><testcase classname="tests.test_iteration_30_partner_leads.TestPartnerLeadsIntegration" name="test_create_and_verify_persistence" time="0.501" /></testsuite></testsuites>