<?xml version="1.0" encoding="utf-8"?><testsuites name="pytest tests"><testsuite name="pytest" errors="0" failures="0" skipped="0" tests="10" time="24.543" timestamp="2026-04-01T03:05:59.552991+00:00" hostname="agent-env-0debcb02-b8ae-481d-a174-e219208903d7"><testcase classname="backend.tests.test_bug_fixes_iteration43.TestAdminStats" name="test_admin_stats_returns_all_metrics" time="2.926" /><testcase classname="backend.tests.test_bug_fixes_iteration43.TestAdminProviderProfile" name="test_update_is_featured" time="4.037" /><testcase classname="backend.tests.test_bug_fixes_iteration43.TestAdminProviderProfile" name="test_update_is_subscribed_syncs_provider_is_subscribed" time="3.272" /><testcase classname="backend.tests.test_bug_fixes_iteration43.TestFavoritesEndpoints" name="test_check_favorite_endpoint" time="1.560" /><testcase classname="backend.tests.test_bug_fixes_iteration43.TestFavoritesEndpoints" name="test_add_favorite_endpoint" time="1.729" /><testcase classname="backend.tests.test_bug_fixes_iteration43.TestFavoritesEndpoints" name="test_get_favorites_endpoint" time="1.015" /><testcase classname="backend.tests.test_bug_fixes_iteration43.TestFavoritesEndpoints" name="test_remove_favorite_endpoint" time="1.971" /><testcase classname="backend.tests.test_bug_fixes_iteration43.TestFavoritesEndpoints" name="test_favorite_full_flow" time="3.289" /><testcase classname="backend.tests.test_bug_fixes_iteration43.TestAdminMetrics" name="test_admin_metrics_endpoint" time="4.139" /><testcase classname="backend.tests.test_bug_fixes_iteration43.TestClientLogin" name="test_demo_client_login" time="0.539" /></testsuite></testsuites>