<?xml version="1.0" encoding="utf-8"?><testsuites name="pytest tests"><testsuite name="pytest" errors="0" failures="0" skipped="0" tests="5" time="4.971" timestamp="2026-03-16T16:58:04.905496+00:00" hostname="agent-env-2ceef457-860c-4f6c-a2b6-14ec74ccf174"><testcase classname="backend.tests.test_branding_cleanup.TestBackendAPIs" name="test_login_endpoint_works" time="1.973" /><testcase classname="backend.tests.test_branding_cleanup.TestBackendAPIs" name="test_providers_endpoint_works" time="0.931" /><testcase classname="backend.tests.test_branding_cleanup.TestBackendAPIs" name="test_register_provider_endpoint_exists" time="0.325" /><testcase classname="backend.tests.test_branding_cleanup.TestBackendAPIs" name="test_register_provider_creates_pending_provider" time="0.851" /><testcase classname="backend.tests.test_branding_cleanup.TestBrandingInResponses" name="test_register_provider_success_message" time="0.802" /></testsuite></testsuites>