<?xml version="1.0" encoding="utf-8"?><testsuites name="pytest tests"><testsuite name="pytest" errors="0" failures="0" skipped="0" tests="12" time="12.324" timestamp="2026-03-10T10:59:13.836037+00:00" hostname="agent-env-5af3cadf-3dd0-46f5-bd7a-042ac6a5ec8e"><testcase classname="backend.tests.test_iteration_25_role_switching.TestAuthMe" name="test_auth_me_requires_authentication" time="0.208" /><testcase classname="backend.tests.test_iteration_25_role_switching.TestAuthMe" name="test_auth_me_returns_roles_array_for_carer" time="3.410" /><testcase classname="backend.tests.test_iteration_25_role_switching.TestAuthMe" name="test_auth_me_returns_roles_array_for_client" time="1.024" /><testcase classname="backend.tests.test_iteration_25_role_switching.TestSwitchRole" name="test_switch_role_requires_authentication" time="0.098" /><testcase classname="backend.tests.test_iteration_25_role_switching.TestSwitchRole" name="test_switch_role_to_client_for_multi_role_user" time="1.424" /><testcase classname="backend.tests.test_iteration_25_role_switching.TestSwitchRole" name="test_switch_role_to_provider_for_multi_role_user" time="0.873" /><testcase classname="backend.tests.test_iteration_25_role_switching.TestSwitchRole" name="test_switch_to_invalid_role_fails" time="0.743" /><testcase classname="backend.tests.test_iteration_25_role_switching.TestAddRole" name="test_add_role_requires_authentication" time="0.096" /><testcase classname="backend.tests.test_iteration_25_role_switching.TestAddRole" name="test_add_existing_role_fails" time="0.699" /><testcase classname="backend.tests.test_iteration_25_role_switching.TestAddRole" name="test_add_invalid_role_fails" time="0.750" /><testcase classname="backend.tests.test_iteration_25_role_switching.TestLazyMigration" name="test_login_response_has_roles" time="0.997" /><testcase classname="backend.tests.test_iteration_25_role_switching.TestRoleSwitchingIntegration" name="test_full_role_switch_flow_for_carer" time="1.936" /></testsuite></testsuites>