<?xml version="1.0" encoding="utf-8"?><testsuites name="pytest tests"><testsuite name="pytest" errors="0" failures="0" skipped="0" tests="15" time="12.776" timestamp="2026-03-13T20:22:38.355756+00:00" hostname="agent-env-00c644e0-633a-4618-ba2b-da41d8d0b0c9"><testcase classname="backend.tests.test_senioradvisor_core.TestHealthCheck" name="test_health_endpoint" time="0.190" /><testcase classname="backend.tests.test_senioradvisor_core.TestAuthentication" name="test_login_success_demo_user" time="1.940" /><testcase classname="backend.tests.test_senioradvisor_core.TestAuthentication" name="test_login_invalid_credentials" time="0.292" /><testcase classname="backend.tests.test_senioradvisor_core.TestAuthentication" name="test_auth_me_without_token" time="0.125" /><testcase classname="backend.tests.test_senioradvisor_core.TestAuthentication" name="test_auth_me_with_valid_token" time="0.912" /><testcase classname="backend.tests.test_senioradvisor_core.TestProvidersAPI" name="test_get_providers_list" time="0.663" /><testcase classname="backend.tests.test_senioradvisor_core.TestProvidersAPI" name="test_get_single_provider" time="1.348" /><testcase classname="backend.tests.test_senioradvisor_core.TestProvidersAPI" name="test_provider_not_found" time="0.325" /><testcase classname="backend.tests.test_senioradvisor_core.TestProviderSearch" name="test_search_by_residencias" time="0.702" /><testcase classname="backend.tests.test_senioradvisor_core.TestProviderSearch" name="test_search_by_cuidado_domicilio" time="0.692" /><testcase classname="backend.tests.test_senioradvisor_core.TestProviderSearch" name="test_search_by_salud_mental" time="0.713" /><testcase classname="backend.tests.test_senioradvisor_core.TestProviderSearch" name="test_search_by_comuna" time="0.597" /><testcase classname="backend.tests.test_senioradvisor_core.TestProviderProfileContent" name="test_provider_has_contact_info_for_logged_in_user" time="2.344" /><testcase classname="backend.tests.test_senioradvisor_core.TestProviderProfileContent" name="test_provider_profile_has_all_sections" time="1.311" /><testcase classname="backend.tests.test_senioradvisor_core.TestServiceTypes" name="test_provider_services_have_correct_types" time="0.546" /></testsuite></testsuites>