<?xml version="1.0" encoding="utf-8"?><testsuites name="pytest tests"><testsuite name="pytest" errors="0" failures="0" skipped="0" tests="9" time="16.466" timestamp="2026-03-16T15:00:28.606723+00:00" hostname="agent-env-57d69c9d-b650-4301-a672-bb78f9c11f80"><testcase classname="backend.tests.test_iteration_33_residencia_forms.TestAdminResidenciaCreate" name="test_create_residencia_with_all_fields" time="4.982" /><testcase classname="backend.tests.test_iteration_33_residencia_forms.TestAdminResidenciaCreate" name="test_create_residencia_cuidado_domicilio" time="2.231" /><testcase classname="backend.tests.test_iteration_33_residencia_forms.TestAdminResidenciaCreate" name="test_create_residencia_salud_mental" time="2.197" /><testcase classname="backend.tests.test_iteration_33_residencia_forms.TestProviderProfileUpdate" name="test_update_profile_with_new_fields" time="2.151" /><testcase classname="backend.tests.test_iteration_33_residencia_forms.TestProviderProfileUpdate" name="test_update_social_links" time="1.503" /><testcase classname="backend.tests.test_iteration_33_residencia_forms.TestSearchWithServiceTypes" name="test_search_all_providers" time="1.044" /><testcase classname="backend.tests.test_iteration_33_residencia_forms.TestSearchWithServiceTypes" name="test_search_residencias" time="0.860" /><testcase classname="backend.tests.test_iteration_33_residencia_forms.TestSearchWithServiceTypes" name="test_search_cuidado_domicilio" time="0.729" /><testcase classname="backend.tests.test_iteration_33_residencia_forms.TestSearchWithServiceTypes" name="test_search_salud_mental" time="0.692" /></testsuite></testsuites>