<?xml version="1.0" encoding="utf-8"?><testsuites name="pytest tests"><testsuite name="pytest" errors="0" failures="0" skipped="0" tests="13" time="13.161" timestamp="2026-03-17T12:26:49.167185+00:00" hostname="agent-env-2ceef457-860c-4f6c-a2b6-14ec74ccf174"><testcase classname="backend.tests.test_iteration_40_enhanced_search.TestEnhancedSearch" name="test_search_by_provider_name" time="2.424" /><testcase classname="backend.tests.test_iteration_40_enhanced_search.TestEnhancedSearch" name="test_search_by_comuna_using_q" time="0.985" /><testcase classname="backend.tests.test_iteration_40_enhanced_search.TestEnhancedSearch" name="test_search_by_address_using_q" time="1.122" /><testcase classname="backend.tests.test_iteration_40_enhanced_search.TestEnhancedSearch" name="test_combined_search_q_and_service_type" time="0.824" /><testcase classname="backend.tests.test_iteration_40_enhanced_search.TestEnhancedSearch" name="test_no_q_param_returns_all_providers" time="1.475" /><testcase classname="backend.tests.test_iteration_40_enhanced_search.TestEnhancedSearch" name="test_comunas_endpoint_still_works" time="0.266" /><testcase classname="backend.tests.test_iteration_40_enhanced_search.TestEnhancedSearch" name="test_backwards_compatibility_comuna_param" time="0.849" /><testcase classname="backend.tests.test_iteration_40_enhanced_search.TestEnhancedSearch" name="test_search_partial_match" time="0.711" /><testcase classname="backend.tests.test_iteration_40_enhanced_search.TestEnhancedSearch" name="test_search_no_results" time="0.570" /><testcase classname="backend.tests.test_iteration_40_enhanced_search.TestEnhancedSearch" name="test_combined_q_and_pagination" time="0.688" /><testcase classname="backend.tests.test_iteration_40_enhanced_search.TestEnhancedSearch" name="test_service_type_only_filter" time="1.421" /><testcase classname="backend.tests.test_iteration_40_enhanced_search.TestSearchResponseFormat" name="test_response_has_pagination_fields" time="1.010" /><testcase classname="backend.tests.test_iteration_40_enhanced_search.TestSearchResponseFormat" name="test_provider_has_services_array" time="0.746" /></testsuite></testsuites>