<?xml version="1.0" encoding="utf-8"?><testsuites name="pytest tests"><testsuite name="pytest" errors="0" failures="0" skipped="0" tests="15" time="16.171" timestamp="2026-03-14T03:56:46.019704+00:00" hostname="agent-env-0b078760-470a-40e5-bf54-910c53abb69d"><testcase classname="backend.tests.test_iteration_29_blog_crud.TestBlogCRUD" name="test_get_articles_returns_list" time="2.081" /><testcase classname="backend.tests.test_iteration_29_blog_crud.TestBlogCRUD" name="test_get_articles_sorted_newest_first" time="0.714" /><testcase classname="backend.tests.test_iteration_29_blog_crud.TestBlogCRUD" name="test_get_articles_with_published_only_false" time="0.727" /><testcase classname="backend.tests.test_iteration_29_blog_crud.TestBlogCRUD" name="test_article_structure" time="0.710" /><testcase classname="backend.tests.test_iteration_29_blog_crud.TestBlogCRUD" name="test_get_article_by_slug" time="0.947" /><testcase classname="backend.tests.test_iteration_29_blog_crud.TestBlogCRUD" name="test_get_article_by_slug_not_found" time="0.746" /><testcase classname="backend.tests.test_iteration_29_blog_crud.TestBlogCRUD" name="test_create_article" time="1.336" /><testcase classname="backend.tests.test_iteration_29_blog_crud.TestBlogCRUD" name="test_create_article_generates_slug" time="1.079" /><testcase classname="backend.tests.test_iteration_29_blog_crud.TestBlogCRUD" name="test_update_article" time="1.431" /><testcase classname="backend.tests.test_iteration_29_blog_crud.TestBlogCRUD" name="test_update_article_not_found" time="0.724" /><testcase classname="backend.tests.test_iteration_29_blog_crud.TestBlogCRUD" name="test_update_article_toggle_published" time="1.446" /><testcase classname="backend.tests.test_iteration_29_blog_crud.TestBlogCRUD" name="test_delete_article" time="1.297" /><testcase classname="backend.tests.test_iteration_29_blog_crud.TestBlogCRUD" name="test_delete_article_not_found" time="0.723" /><testcase classname="backend.tests.test_iteration_29_blog_crud.TestAdminAuth" name="test_admin_login" time="0.497" /><testcase classname="backend.tests.test_iteration_29_blog_crud.TestAdminAuth" name="test_admin_can_access_admin_endpoints" time="1.637" /></testsuite></testsuites>