<?xml version="1.0" encoding="utf-8"?><testsuites name="pytest tests"><testsuite name="pytest" errors="0" failures="0" skipped="0" tests="15" time="12.208" timestamp="2026-04-09T22:49:05.265076+00:00" hostname="agent-env-8ef700a7-81c3-481e-8b7e-b9a7ffeeb2a0"><testcase classname="backend.tests.test_iteration_46_search_filters.TestSearchProvidersAPI" name="test_providers_list_returns_results" time="2.610" /><testcase classname="backend.tests.test_iteration_46_search_filters.TestSearchProvidersAPI" name="test_providers_response_structure" time="0.759" /><testcase classname="backend.tests.test_iteration_46_search_filters.TestSearchProvidersAPI" name="test_filter_by_service_type_residencias" time="0.830" /><testcase classname="backend.tests.test_iteration_46_search_filters.TestSearchProvidersAPI" name="test_filter_by_service_type_cuidado_domicilio" time="0.685" /><testcase classname="backend.tests.test_iteration_46_search_filters.TestSearchProvidersAPI" name="test_filter_by_min_rating" time="0.696" /><testcase classname="backend.tests.test_iteration_46_search_filters.TestSearchProvidersAPI" name="test_filter_by_verified_only" time="0.412" /><testcase classname="backend.tests.test_iteration_46_search_filters.TestSearchProvidersAPI" name="test_filter_by_search_query" time="0.550" /><testcase classname="backend.tests.test_iteration_46_search_filters.TestSearchProvidersAPI" name="test_pagination_skip_limit" time="1.428" /><testcase classname="backend.tests.test_iteration_46_search_filters.TestSearchProvidersAPI" name="test_combined_filters" time="0.853" /><testcase classname="backend.tests.test_iteration_46_search_filters.TestSearchProvidersAPI" name="test_provider_ordering_by_plan" time="0.716" /><testcase classname="backend.tests.test_iteration_46_search_filters.TestComunasAutocomplete" name="test_comunas_list_returns_data" time="0.247" /><testcase classname="backend.tests.test_iteration_46_search_filters.TestComunasAutocomplete" name="test_comunas_are_sorted" time="0.254" /><testcase classname="backend.tests.test_iteration_46_search_filters.TestProviderCardData" name="test_provider_has_price_in_services" time="0.695" /><testcase classname="backend.tests.test_iteration_46_search_filters.TestProviderCardData" name="test_provider_has_plan_badges" time="0.718" /><testcase classname="backend.tests.test_iteration_46_search_filters.TestProviderCardData" name="test_provider_has_gallery_images" time="0.685" /></testsuite></testsuites>