<?xml version="1.0" encoding="utf-8"?><testsuites name="pytest tests"><testsuite name="pytest" errors="0" failures="0" skipped="0" tests="12" time="6.162" timestamp="2026-03-10T11:18:12.322796+00:00" hostname="agent-env-524a5fb7-f8f0-40d7-8565-6043a8dc0d90"><testcase classname="backend.tests.test_iteration_26_restored_version.TestHealthAndBasics" name="test_health_endpoint" time="0.186" /><testcase classname="backend.tests.test_iteration_26_restored_version.TestHealthAndBasics" name="test_no_switch_role_endpoint" time="0.107" /><testcase classname="backend.tests.test_iteration_26_restored_version.TestHealthAndBasics" name="test_no_add_role_endpoint" time="0.104" /><testcase classname="backend.tests.test_iteration_26_restored_version.TestEmailAuthentication" name="test_login_as_client" time="1.799" /><testcase classname="backend.tests.test_iteration_26_restored_version.TestEmailAuthentication" name="test_login_as_provider" time="0.488" /><testcase classname="backend.tests.test_iteration_26_restored_version.TestEmailAuthentication" name="test_login_invalid_credentials" time="0.250" /><testcase classname="backend.tests.test_iteration_26_restored_version.TestEmailAuthentication" name="test_auth_me_requires_token" time="0.098" /><testcase classname="backend.tests.test_iteration_26_restored_version.TestEmailAuthentication" name="test_auth_me_with_valid_token" time="0.899" /><testcase classname="backend.tests.test_iteration_26_restored_version.TestSearchServices" name="test_search_providers" time="0.561" /><testcase classname="backend.tests.test_iteration_26_restored_version.TestSearchServices" name="test_search_services_basic" time="0.095" /><testcase classname="backend.tests.test_iteration_26_restored_version.TestProviderDashboard" name="test_provider_can_access_dashboard" time="0.928" /><testcase classname="backend.tests.test_iteration_26_restored_version.TestLogout" name="test_logout_endpoint" time="0.581" /></testsuite></testsuites>