<?xml version="1.0" encoding="utf-8"?><testsuites name="pytest tests"><testsuite name="pytest" errors="0" failures="0" skipped="0" tests="14" time="18.987" timestamp="2026-03-05T20:51:59.644518+00:00" hostname="agent-env-5af3cadf-3dd0-46f5-bd7a-042ac6a5ec8e"><testcase classname="backend.tests.test_iteration_23_personal_photos.TestPhotoUploadEndpoint" name="test_photo_upload_requires_auth" time="0.206" /><testcase classname="backend.tests.test_iteration_23_personal_photos.TestPhotoUploadEndpoint" name="test_photo_upload_invalid_category" time="2.124" /><testcase classname="backend.tests.test_iteration_23_personal_photos.TestPhotoUploadEndpoint" name="test_photo_upload_yard_success" time="1.078" /><testcase classname="backend.tests.test_iteration_23_personal_photos.TestPhotoUploadEndpoint" name="test_photo_upload_pets_success" time="1.030" /><testcase classname="backend.tests.test_iteration_23_personal_photos.TestPhotoUploadEndpoint" name="test_photo_upload_only_images_allowed" time="0.904" /><testcase classname="backend.tests.test_iteration_23_personal_photos.TestPhotoDeleteEndpoint" name="test_photo_delete_requires_auth" time="0.158" /><testcase classname="backend.tests.test_iteration_23_personal_photos.TestPhotoDeleteEndpoint" name="test_photo_delete_nonexistent_returns_404" time="0.873" /><testcase classname="backend.tests.test_iteration_23_personal_photos.TestPhotoDeleteEndpoint" name="test_photo_delete_success" time="2.919" /><testcase classname="backend.tests.test_iteration_23_personal_photos.TestPhotoPersistence" name="test_text_update_preserves_photos" time="1.941" /><testcase classname="backend.tests.test_iteration_23_personal_photos.TestPublicProfilePhotos" name="test_public_profile_includes_yard_photos" time="0.685" /><testcase classname="backend.tests.test_iteration_23_personal_photos.TestPublicProfilePhotos" name="test_public_profile_includes_pets_photos" time="0.698" /><testcase classname="backend.tests.test_iteration_23_personal_photos.TestPublicProfilePhotos" name="test_photo_urls_are_accessible" time="1.290" /><testcase classname="backend.tests.test_iteration_23_personal_photos.TestMaxPhotosLimit" name="test_max_yard_photos_limit" time="2.529" /><testcase classname="backend.tests.test_iteration_23_personal_photos.TestMaxPhotosLimit" name="test_max_pets_photos_limit" time="2.443" /></testsuite></testsuites>