<?xml version="1.0" encoding="utf-8"?><testsuites name="pytest tests"><testsuite name="pytest" errors="0" failures="0" skipped="0" tests="11" time="13.208" timestamp="2026-03-16T19:45:59.334627+00:00" hostname="agent-env-2ceef457-860c-4f6c-a2b6-14ec74ccf174"><testcase classname="backend.tests.test_iteration_37_care_requests.TestCareRequestsAPI" name="test_create_care_request_unauthenticated" time="0.179" /><testcase classname="backend.tests.test_iteration_37_care_requests.TestCareRequestsAPI" name="test_create_care_request_missing_patient_name" time="2.082" /><testcase classname="backend.tests.test_iteration_37_care_requests.TestCareRequestsAPI" name="test_create_care_request_missing_comuna" time="0.728" /><testcase classname="backend.tests.test_iteration_37_care_requests.TestCareRequestsAPI" name="test_create_care_request_missing_description" time="0.724" /><testcase classname="backend.tests.test_iteration_37_care_requests.TestCareRequestsAPI" name="test_create_care_request_with_all_fields" time="0.876" /><testcase classname="backend.tests.test_iteration_37_care_requests.TestCareRequestsAPI" name="test_get_my_requests_returns_new_schema" time="0.893" /><testcase classname="backend.tests.test_iteration_37_care_requests.TestCareRequestsAPI" name="test_update_care_request_status" time="2.180" /><testcase classname="backend.tests.test_iteration_37_care_requests.TestCareRequestsAPI" name="test_delete_care_request" time="1.635" /><testcase classname="backend.tests.test_iteration_37_care_requests.TestCareRequestsAPI" name="test_create_care_request_cuidado_domicilio" time="1.274" /><testcase classname="backend.tests.test_iteration_37_care_requests.TestCareRequestsAPI" name="test_create_care_request_salud_mental" time="1.257" /><testcase classname="backend.tests.test_iteration_37_care_requests.TestCareRequestsCleanup" name="test_cleanup_test_requests" time="1.294" /></testsuite></testsuites>