<?xml version="1.0" encoding="utf-8"?><testsuites name="pytest tests"><testsuite name="pytest" errors="0" failures="0" skipped="0" tests="16" time="10.946" timestamp="2026-03-05T13:46:32.504810+00:00" hostname="agent-env-c5c58f19-6756-41cb-82bd-197e5c5dcb9d"><testcase classname="backend.tests.test_iteration_16_care_requests.TestSubscriptionPlans" name="test_get_subscription_plans_returns_single_plan" time="0.281" /><testcase classname="backend.tests.test_iteration_16_care_requests.TestCareRequestsCreate" name="test_create_care_request_requires_auth" time="0.119" /><testcase classname="backend.tests.test_iteration_16_care_requests.TestCareRequestsCreate" name="test_create_care_request_success" time="1.499" /><testcase classname="backend.tests.test_iteration_16_care_requests.TestCareRequestsCreate" name="test_create_care_request_invalid_pet" time="0.416" /><testcase classname="backend.tests.test_iteration_16_care_requests.TestCareRequestsMyRequests" name="test_my_requests_requires_auth" time="0.136" /><testcase classname="backend.tests.test_iteration_16_care_requests.TestCareRequestsMyRequests" name="test_my_requests_returns_list" time="0.402" /><testcase classname="backend.tests.test_iteration_16_care_requests.TestCareRequestsProviderView" name="test_care_requests_requires_auth" time="0.114" /><testcase classname="backend.tests.test_iteration_16_care_requests.TestCareRequestsProviderView" name="test_care_requests_requires_provider_role" time="0.398" /><testcase classname="backend.tests.test_iteration_16_care_requests.TestCareRequestsProviderView" name="test_care_requests_provider_access" time="1.228" /><testcase classname="backend.tests.test_iteration_16_care_requests.TestCareRequestsProviderView" name="test_care_requests_filter_by_service_type" time="0.684" /><testcase classname="backend.tests.test_iteration_16_care_requests.TestCareRequestsUpdate" name="test_update_care_request_pause" time="1.269" /><testcase classname="backend.tests.test_iteration_16_care_requests.TestCareRequestsUpdate" name="test_update_care_request_activate" time="0.692" /><testcase classname="backend.tests.test_iteration_16_care_requests.TestCareRequestsUpdate" name="test_update_nonexistent_request" time="0.443" /><testcase classname="backend.tests.test_iteration_16_care_requests.TestCareRequestsDelete" name="test_delete_care_request" time="1.418" /><testcase classname="backend.tests.test_iteration_16_care_requests.TestCareRequestsDelete" name="test_delete_nonexistent_request" time="0.394" /><testcase classname="backend.tests.test_iteration_16_care_requests.TestCleanup" name="test_cleanup_created_requests" time="1.240" /></testsuite></testsuites>