<?xml version="1.0" encoding="utf-8"?><testsuites name="pytest tests"><testsuite name="pytest" errors="0" failures="0" skipped="0" tests="11" time="6.314" timestamp="2026-03-05T17:38:52.143420+00:00" hostname="agent-env-4ecc0fb4-daa6-4995-ab7a-172d8459dedc"><testcase classname="backend.tests.test_iteration_19_subscription_chat.TestSubscriptionPlansAPI" name="test_get_all_active_plans" time="1.670" /><testcase classname="backend.tests.test_iteration_19_subscription_chat.TestSubscriptionPlansAPI" name="test_get_client_plans_only" time="0.212" /><testcase classname="backend.tests.test_iteration_19_subscription_chat.TestSubscriptionPlansAPI" name="test_get_provider_plans_only" time="0.211" /><testcase classname="backend.tests.test_iteration_19_subscription_chat.TestSubscriptionPlansAPI" name="test_plan_prices_match_expected_values" time="0.414" /><testcase classname="backend.tests.test_iteration_19_subscription_chat.TestFreeProviderChatAccess" name="test_free_provider_can_get_conversations" time="0.822" /><testcase classname="backend.tests.test_iteration_19_subscription_chat.TestFreeProviderChatAccess" name="test_free_provider_cannot_initiate_conversation" time="0.503" /><testcase classname="backend.tests.test_iteration_19_subscription_chat.TestFreeProviderChatAccess" name="test_provider_user_has_no_active_subscription" time="0.500" /><testcase classname="backend.tests.test_iteration_19_subscription_chat.TestFreeClientChatBlocked" name="test_free_client_cannot_send_messages" time="1.141" /><testcase classname="backend.tests.test_iteration_19_subscription_chat.TestFreeClientChatBlocked" name="test_client_user_info" time="0.351" /><testcase classname="backend.tests.test_iteration_19_subscription_chat.TestSubscriptionPlansDetails" name="test_all_plans_structure" time="0.204" /><testcase classname="backend.tests.test_iteration_19_subscription_chat.TestSubscriptionPlansDetails" name="test_plans_sorted_by_price" time="0.203" /></testsuite></testsuites>