<?xml version="1.0" encoding="utf-8"?><testsuites name="pytest tests"><testsuite name="pytest" errors="0" failures="0" skipped="0" tests="19" time="16.131" timestamp="2026-03-14T06:30:10.651034+00:00" hostname="agent-env-57d69c9d-b650-4301-a672-bb78f9c11f80"><testcase classname="backend.tests.test_iteration_32_comprehensive.TestHealthCheck" name="test_api_accessible" time="2.457" /><testcase classname="backend.tests.test_iteration_32_comprehensive.TestProviderSearch" name="test_providers_returns_50_by_default" time="0.709" /><testcase classname="backend.tests.test_iteration_32_comprehensive.TestProviderSearch" name="test_providers_have_required_fields" time="0.536" /><testcase classname="backend.tests.test_iteration_32_comprehensive.TestProviderSearch" name="test_providers_have_services_array" time="0.598" /><testcase classname="backend.tests.test_iteration_32_comprehensive.TestProviderSearch" name="test_filter_residencias_only" time="0.805" /><testcase classname="backend.tests.test_iteration_32_comprehensive.TestProviderSearch" name="test_filter_cuidado_domicilio" time="0.694" /><testcase classname="backend.tests.test_iteration_32_comprehensive.TestProviderSearch" name="test_filter_salud_mental" time="0.684" /><testcase classname="backend.tests.test_iteration_32_comprehensive.TestProviderDetail" name="test_provider_detail_seed_provider" time="1.276" /><testcase classname="backend.tests.test_iteration_32_comprehensive.TestProviderDetail" name="test_provider_detail_has_gallery" time="2.650" /><testcase classname="backend.tests.test_iteration_32_comprehensive.TestProviderDetail" name="test_provider_detail_invalid_id_returns_404" time="0.272" /><testcase classname="backend.tests.test_iteration_32_comprehensive.TestBlogAPI" name="test_get_blog_articles" time="0.283" /><testcase classname="backend.tests.test_iteration_32_comprehensive.TestPartnersAPI" name="test_get_convenios" time="0.245" /><testcase classname="backend.tests.test_iteration_32_comprehensive.TestAuthentication" name="test_admin_login" time="0.496" /><testcase classname="backend.tests.test_iteration_32_comprehensive.TestAuthentication" name="test_client_login" time="0.475" /><testcase classname="backend.tests.test_iteration_32_comprehensive.TestAuthentication" name="test_provider_login" time="0.482" /><testcase classname="backend.tests.test_iteration_32_comprehensive.TestAdminAPI" name="test_admin_stats" time="1.594" /><testcase classname="backend.tests.test_iteration_32_comprehensive.TestAdminAPI" name="test_admin_stats_requires_auth" time="0.099" /><testcase classname="backend.tests.test_iteration_32_comprehensive.TestServiceTypeDeduplication" name="test_no_duplicate_service_types" time="0.682" /><testcase classname="backend.tests.test_iteration_32_comprehensive.TestCSVImportedProviders" name="test_large_result_set" time="1.021" /></testsuite></testsuites>