<?xml version="1.0" encoding="utf-8"?><testsuites name="pytest tests"><testsuite name="pytest" errors="0" failures="0" skipped="1" tests="16" time="14.707" timestamp="2026-02-20T02:38:38.799803+00:00" hostname="agent-env-e932a1a8-6b03-483a-95cb-52c95437ba7b"><testcase classname="backend.tests.test_iteration_14_client_reviews.TestHealthAndAuth" name="test_health_check" time="0.139" /><testcase classname="backend.tests.test_iteration_14_client_reviews.TestHealthAndAuth" name="test_admin_login" time="1.807" /><testcase classname="backend.tests.test_iteration_14_client_reviews.TestClientReviewsEndpoints" name="test_admin_cannot_review_client" time="1.616" /><testcase classname="backend.tests.test_iteration_14_client_reviews.TestClientReviewsEndpoints" name="test_provider_can_create_client_review" time="2.617" /><testcase classname="backend.tests.test_iteration_14_client_reviews.TestClientReviewsEndpoints" name="test_cannot_review_same_client_twice" time="0.688" /><testcase classname="backend.tests.test_iteration_14_client_reviews.TestClientReviewsEndpoints" name="test_get_client_reviews_by_user_id" time="0.568" /><testcase classname="backend.tests.test_iteration_14_client_reviews.TestClientReviewsEndpoints" name="test_get_my_client_reviews" time="0.791" /><testcase classname="backend.tests.test_iteration_14_client_reviews.TestClientReviewsEndpoints" name="test_get_reviews_given_by_provider" time="0.687" /><testcase classname="backend.tests.test_iteration_14_client_reviews.TestClientReviewsEndpoints" name="test_non_provider_cannot_get_given_reviews" time="0.404" /><testcase classname="backend.tests.test_iteration_14_client_reviews.TestClientReviewsEndpoints" name="test_client_reviews_require_auth" time="0.593" /><testcase classname="backend.tests.test_iteration_14_client_reviews.TestClientReviewRatingValidation" name="test_rating_must_be_1_to_5" time="1.049"><skipped type="pytest.skip" message="Could not create provider profile">/app/backend/tests/test_iteration_14_client_reviews.py:359: Could not create provider profile</skipped></testcase><testcase classname="backend.tests.test_iteration_14_client_reviews.TestRegressionEndpoints" name="test_auth_me" time="0.898" /><testcase classname="backend.tests.test_iteration_14_client_reviews.TestRegressionEndpoints" name="test_get_pets" time="0.396" /><testcase classname="backend.tests.test_iteration_14_client_reviews.TestRegressionEndpoints" name="test_get_favorites" time="0.566" /><testcase classname="backend.tests.test_iteration_14_client_reviews.TestRegressionEndpoints" name="test_get_providers" time="1.522" /><testcase classname="backend.tests.test_iteration_14_client_reviews.TestRegressionEndpoints" name="test_get_subscription_plans" time="0.263" /></testsuite></testsuites>