<?xml version="1.0" encoding="utf-8"?><testsuites name="pytest tests"><testsuite name="pytest" errors="0" failures="0" skipped="0" tests="16" time="15.885" timestamp="2026-03-05T20:29:47.309091+00:00" hostname="agent-env-5af3cadf-3dd0-46f5-bd7a-042ac6a5ec8e"><testcase classname="backend.tests.test_personal_info_publish_expired.TestPersonalInfoEndpoints" name="test_get_personal_info_requires_auth" time="0.201" /><testcase classname="backend.tests.test_personal_info_publish_expired.TestPersonalInfoEndpoints" name="test_put_personal_info_requires_auth" time="0.122" /><testcase classname="backend.tests.test_personal_info_publish_expired.TestPersonalInfoEndpoints" name="test_get_personal_info_as_carer" time="2.213" /><testcase classname="backend.tests.test_personal_info_publish_expired.TestPersonalInfoEndpoints" name="test_put_personal_info_saves_all_fields" time="0.876" /><testcase classname="backend.tests.test_personal_info_publish_expired.TestPersonalInfoEndpoints" name="test_put_personal_info_verify_persistence" time="1.353" /><testcase classname="backend.tests.test_personal_info_publish_expired.TestPersonalInfoEndpoints" name="test_personal_info_ignores_unknown_fields" time="0.921" /><testcase classname="backend.tests.test_personal_info_publish_expired.TestPersonalInfoEndpoints" name="test_personal_info_not_accessible_for_clients" time="0.919" /><testcase classname="backend.tests.test_personal_info_publish_expired.TestPublicProviderProfile" name="test_provider_profile_includes_personal_info" time="0.690" /><testcase classname="backend.tests.test_personal_info_publish_expired.TestPublicProviderProfile" name="test_provider_profile_reviews_still_load" time="0.694" /><testcase classname="backend.tests.test_personal_info_publish_expired.TestPublishExpiredReviews" name="test_publish_expired_endpoint_exists" time="0.728" /><testcase classname="backend.tests.test_personal_info_publish_expired.TestPublishExpiredReviews" name="test_publish_expired_is_idempotent" time="1.483" /><testcase classname="backend.tests.test_personal_info_publish_expired.TestClientReviewsEndpoint" name="test_client_reviews_endpoint_works" time="0.899" /><testcase classname="backend.tests.test_personal_info_publish_expired.TestClientReviewsEndpoint" name="test_client_reviews_requires_auth" time="0.116" /><testcase classname="backend.tests.test_personal_info_publish_expired.TestRegressionAfterRefactoring" name="test_provider_my_profile_still_works" time="1.035" /><testcase classname="backend.tests.test_personal_info_publish_expired.TestRegressionAfterRefactoring" name="test_provider_search_still_works" time="2.848" /><testcase classname="backend.tests.test_personal_info_publish_expired.TestRegressionAfterRefactoring" name="test_provider_detail_still_has_all_fields" time="0.699" /></testsuite></testsuites>