<?xml version="1.0" encoding="utf-8"?><testsuites name="pytest tests"><testsuite name="pytest" errors="0" failures="0" skipped="0" tests="8" time="9.049" timestamp="2026-05-28T21:54:03.331772+00:00" hostname="agent-env-b03cbb91-ae80-474a-ae19-eb636b302910"><testcase classname="backend.tests.test_quick_menu.TestPublicQuickMenu" name="test_public_list_returns_default_items" time="1.772" /><testcase classname="backend.tests.test_quick_menu.TestPublicQuickMenu" name="test_public_list_no_mongo_id" time="0.411" /><testcase classname="backend.tests.test_quick_menu.TestAdminAuth" name="test_admin_without_token_unauthorized" time="0.121" /><testcase classname="backend.tests.test_quick_menu.TestAdminAuth" name="test_admin_with_token_returns_items" time="1.104" /><testcase classname="backend.tests.test_quick_menu.TestQuickMenuCRUD" name="test_create_update_delete_flow" time="3.939" /><testcase classname="backend.tests.test_quick_menu.TestQuickMenuCRUD" name="test_update_nonexistent_returns_404" time="0.422" /><testcase classname="backend.tests.test_quick_menu.TestQuickMenuCRUD" name="test_update_empty_returns_400" time="1.082" /><testcase classname="backend.tests.test_quick_menu.TestQuickMenuCRUD" name="test_create_without_auth_forbidden" time="0.126" /></testsuite></testsuites>