<?xml version="1.0" encoding="utf-8"?><testsuites name="pytest tests"><testsuite name="pytest" errors="0" failures="0" skipped="0" tests="38" time="21.063" timestamp="2026-03-05T18:26:18.986987+00:00" hostname="agent-env-4ecc0fb4-daa6-4995-ab7a-172d8459dedc"><testcase classname="backend.tests.test_iteration_21_final_review.TestAuthentication" name="test_register_user_validation" time="0.147" /><testcase classname="backend.tests.test_iteration_21_final_review.TestAuthentication" name="test_login_success" time="0.850" /><testcase classname="backend.tests.test_iteration_21_final_review.TestAuthentication" name="test_login_invalid_credentials" time="0.419" /><testcase classname="backend.tests.test_iteration_21_final_review.TestAuthentication" name="test_get_me_authenticated" time="0.482" /><testcase classname="backend.tests.test_iteration_21_final_review.TestAuthentication" name="test_get_me_unauthenticated" time="0.067" /><testcase classname="backend.tests.test_iteration_21_final_review.TestProviderSearch" name="test_list_providers" time="2.776" /><testcase classname="backend.tests.test_iteration_21_final_review.TestProviderSearch" name="test_filter_by_service_type" time="2.197" /><testcase classname="backend.tests.test_iteration_21_final_review.TestProviderSearch" name="test_get_provider_detail" time="1.464" /><testcase classname="backend.tests.test_iteration_21_final_review.TestProviderSearch" name="test_provider_not_found" time="0.198" /><testcase classname="backend.tests.test_iteration_21_final_review.TestSubscriptions" name="test_get_client_plans" time="0.201" /><testcase classname="backend.tests.test_iteration_21_final_review.TestSubscriptions" name="test_get_provider_plans" time="0.197" /><testcase classname="backend.tests.test_iteration_21_final_review.TestSubscriptions" name="test_get_my_subscription_provider" time="0.351" /><testcase classname="backend.tests.test_iteration_21_final_review.TestSubscriptions" name="test_get_subscription_invoices" time="0.492" /><testcase classname="backend.tests.test_iteration_21_final_review.TestBookings" name="test_create_booking_requires_subscription" time="0.070" /><testcase classname="backend.tests.test_iteration_21_final_review.TestBookings" name="test_get_bookings_history" time="0.915" /><testcase classname="backend.tests.test_iteration_21_final_review.TestBookings" name="test_get_my_bookings" time="0.362" /><testcase classname="backend.tests.test_iteration_21_final_review.TestCareRequestsProposals" name="test_get_my_care_requests" time="0.366" /><testcase classname="backend.tests.test_iteration_21_final_review.TestCareRequestsProposals" name="test_provider_can_see_care_requests" time="0.912" /><testcase classname="backend.tests.test_iteration_21_final_review.TestCareRequestsProposals" name="test_get_my_sent_proposals" time="0.482" /><testcase classname="backend.tests.test_iteration_21_final_review.TestCareRequestsProposals" name="test_get_received_proposals" time="0.625" /><testcase classname="backend.tests.test_iteration_21_final_review.TestCareRequestsProposals" name="test_proposal_respond_invalid_status" time="0.195" /><testcase classname="backend.tests.test_iteration_21_final_review.TestCareRequestsProposals" name="test_proposal_respond_not_found" time="0.345" /><testcase classname="backend.tests.test_iteration_21_final_review.TestChat" name="test_get_conversations" time="0.352" /><testcase classname="backend.tests.test_iteration_21_final_review.TestChat" name="test_client_conversations" time="0.340" /><testcase classname="backend.tests.test_iteration_21_final_review.TestNotifications" name="test_get_notifications" time="0.358" /><testcase classname="backend.tests.test_iteration_21_final_review.TestNotifications" name="test_get_unread_count" time="0.337" /><testcase classname="backend.tests.test_iteration_21_final_review.TestNotifications" name="test_mark_all_read" time="0.339" /><testcase classname="backend.tests.test_iteration_21_final_review.TestPets" name="test_get_my_pets" time="0.338" /><testcase classname="backend.tests.test_iteration_21_final_review.TestPets" name="test_create_pet" time="0.351" /><testcase classname="backend.tests.test_iteration_21_final_review.TestSOSVeterinario" name="test_get_sos_info" time="0.338" /><testcase classname="backend.tests.test_iteration_21_final_review.TestSOSVeterinario" name="test_admin_sos_config" time="0.765" /><testcase classname="backend.tests.test_iteration_21_final_review.TestReviews" name="test_get_provider_reviews" time="1.397" /><testcase classname="backend.tests.test_iteration_21_final_review.TestAdmin" name="test_admin_stats" time="1.062" /><testcase classname="backend.tests.test_iteration_21_final_review.TestAdmin" name="test_admin_get_all_providers" time="0.347" /><testcase classname="backend.tests.test_iteration_21_final_review.TestAdmin" name="test_admin_get_plans" time="0.342" /><testcase classname="backend.tests.test_iteration_21_final_review.TestAdmin" name="test_admin_requires_auth" time="0.052" /><testcase classname="backend.tests.test_iteration_21_final_review.TestHealthCheck" name="test_api_health" time="0.067" /><testcase classname="backend.tests.test_iteration_21_final_review.TestHealthCheck" name="test_api_root" time="0.060" /></testsuite></testsuites>