<?xml version="1.0" encoding="utf-8"?><testsuites name="pytest tests"><testsuite name="pytest" errors="0" failures="0" skipped="1" tests="13" time="13.710" timestamp="2026-02-27T06:05:30.902477+00:00" hostname="agent-env-e932a1a8-6b03-483a-95cb-52c95437ba7b"><testcase classname="backend.tests.test_iteration_15_blind_reviews.TestHealthAndRegression" name="test_health_check" time="0.160" /><testcase classname="backend.tests.test_iteration_15_blind_reviews.TestHealthAndRegression" name="test_login_admin" time="0.497" /><testcase classname="backend.tests.test_iteration_15_blind_reviews.TestHealthAndRegression" name="test_providers_list" time="1.423" /><testcase classname="backend.tests.test_iteration_15_blind_reviews.TestBlindReviewSystem" name="test_provider_review_sets_published_false" time="2.540"><skipped type="pytest.skip" message="Admin needs subscription to create review">/app/backend/tests/test_iteration_15_blind_reviews.py:117: Admin needs subscription to create review</skipped></testcase><testcase classname="backend.tests.test_iteration_15_blind_reviews.TestBlindReviewSystem" name="test_client_review_sets_published_false" time="2.099" /><testcase classname="backend.tests.test_iteration_15_blind_reviews.TestBlindReviewSystem" name="test_get_client_reviews_me_only_published" time="1.014" /><testcase classname="backend.tests.test_iteration_15_blind_reviews.TestBlindReviewSystem" name="test_provider_profile_shows_only_published_reviews" time="2.212" /><testcase classname="backend.tests.test_iteration_15_blind_reviews.TestBlindReviewSystem" name="test_provider_given_reviews_includes_pending_status" time="1.162" /><testcase classname="backend.tests.test_iteration_15_blind_reviews.TestBlindReviewBothSidesPublish" name="test_mutual_review_publishes_both" time="1.137" /><testcase classname="backend.tests.test_iteration_15_blind_reviews.TestRegressionEndpoints" name="test_auth_me_works" time="0.895" /><testcase classname="backend.tests.test_iteration_15_blind_reviews.TestRegressionEndpoints" name="test_subscription_plans_endpoint" time="0.265" /><testcase classname="backend.tests.test_iteration_15_blind_reviews.TestRegressionEndpoints" name="test_pets_endpoint_requires_auth" time="0.113" /><testcase classname="backend.tests.test_iteration_15_blind_reviews.TestRegressionEndpoints" name="test_favorites_endpoint_requires_auth" time="0.133" /></testsuite></testsuites>