<?xml version="1.0" encoding="utf-8"?><testsuites name="pytest tests"><testsuite name="pytest" errors="0" failures="0" skipped="0" tests="12" time="25.979" timestamp="2026-03-16T17:14:37.075764+00:00" hostname="agent-env-2ceef457-860c-4f6c-a2b6-14ec74ccf174"><testcase classname="backend.tests.test_sucursales_branches.TestBranchesAPI" name="test_get_branches_requires_auth" time="0.255" /><testcase classname="backend.tests.test_sucursales_branches.TestBranchesAPI" name="test_get_branches_with_auth" time="2.368" /><testcase classname="backend.tests.test_sucursales_branches.TestBranchesAPI" name="test_create_branch_requires_auth" time="0.128" /><testcase classname="backend.tests.test_sucursales_branches.TestBranchesAPI" name="test_create_branch_empty_name_returns_400" time="0.998" /><testcase classname="backend.tests.test_sucursales_branches.TestBranchesAPI" name="test_create_branch_success" time="1.855" /><testcase classname="backend.tests.test_sucursales_branches.TestBranchesAPI" name="test_create_branch_and_verify_get" time="2.335" /><testcase classname="backend.tests.test_sucursales_branches.TestBranchesAPI" name="test_delete_branch_requires_auth" time="0.179" /><testcase classname="backend.tests.test_sucursales_branches.TestBranchesAPI" name="test_delete_branch_not_found" time="1.128" /><testcase classname="backend.tests.test_sucursales_branches.TestBranchesAPI" name="test_delete_branch_success" time="2.415" /><testcase classname="backend.tests.test_sucursales_branches.TestBranchesAPI" name="test_branch_appears_in_public_search" time="2.609" /><testcase classname="backend.tests.test_sucursales_branches.TestBranchesAPI" name="test_max_five_branches_limit" time="8.031" /><testcase classname="backend.tests.test_sucursales_branches.TestBranchInheritance" name="test_branch_inherits_description_and_services" time="3.599" /></testsuite></testsuites>