<?xml version="1.0" encoding="utf-8"?><testsuites name="pytest tests"><testsuite name="pytest" errors="0" failures="0" skipped="0" tests="16" time="13.812" timestamp="2026-03-16T21:07:03.491605+00:00" hostname="agent-env-2ceef457-860c-4f6c-a2b6-14ec74ccf174"><testcase classname="backend.tests.test_iteration_39_pagination_autocomplete.TestProvidersPagination" name="test_providers_returns_paginated_format" time="2.356" /><testcase classname="backend.tests.test_iteration_39_pagination_autocomplete.TestProvidersPagination" name="test_providers_pagination_skip_limit_5" time="0.725" /><testcase classname="backend.tests.test_iteration_39_pagination_autocomplete.TestProvidersPagination" name="test_providers_pagination_page_2" time="1.428" /><testcase classname="backend.tests.test_iteration_39_pagination_autocomplete.TestProvidersPagination" name="test_providers_pagination_large_skip" time="0.711" /><testcase classname="backend.tests.test_iteration_39_pagination_autocomplete.TestProvidersPagination" name="test_providers_default_pagination" time="0.751" /><testcase classname="backend.tests.test_iteration_39_pagination_autocomplete.TestComunasAutocomplete" name="test_comunas_endpoint_returns_list" time="0.303" /><testcase classname="backend.tests.test_iteration_39_pagination_autocomplete.TestComunasAutocomplete" name="test_comunas_are_sorted" time="0.265" /><testcase classname="backend.tests.test_iteration_39_pagination_autocomplete.TestComunasAutocomplete" name="test_comunas_has_expected_count" time="0.288" /><testcase classname="backend.tests.test_iteration_39_pagination_autocomplete.TestFilteredPaginationComuna" name="test_filter_by_comuna_with_pagination" time="0.721" /><testcase classname="backend.tests.test_iteration_39_pagination_autocomplete.TestFilteredPaginationComuna" name="test_filter_by_comuna_partial_match" time="0.730" /><testcase classname="backend.tests.test_iteration_39_pagination_autocomplete.TestFilteredPaginationComuna" name="test_filter_and_paginate_combined" time="1.436" /><testcase classname="backend.tests.test_iteration_39_pagination_autocomplete.TestFilteredPaginationComuna" name="test_nonexistent_comuna_returns_empty" time="0.552" /><testcase classname="backend.tests.test_iteration_39_pagination_autocomplete.TestServiceTypeFilterWithPagination" name="test_service_type_filter_residencias" time="0.876" /><testcase classname="backend.tests.test_iteration_39_pagination_autocomplete.TestServiceTypeFilterWithPagination" name="test_service_type_filter_cuidado_domicilio" time="0.849" /><testcase classname="backend.tests.test_iteration_39_pagination_autocomplete.TestServiceTypeFilterWithPagination" name="test_service_type_filter_salud_mental" time="0.866" /><testcase classname="backend.tests.test_iteration_39_pagination_autocomplete.TestServiceTypeFilterWithPagination" name="test_combined_service_and_comuna_filter" time="0.864" /></testsuite></testsuites>