<?xml version="1.0" encoding="utf-8"?><testsuites name="pytest tests"><testsuite name="pytest" errors="0" failures="0" skipped="0" tests="12" time="5.821" timestamp="2026-03-13T20:33:11.435428+00:00" hostname="agent-env-00c644e0-633a-4618-ba2b-da41d8d0b0c9"><testcase classname="backend.tests.test_iteration_28_mercadopago.TestSubscriptionPlans" name="test_get_provider_plans_returns_3_plans" time="1.604" /><testcase classname="backend.tests.test_iteration_28_mercadopago.TestSubscriptionPlans" name="test_plans_have_correct_structure" time="0.209" /><testcase classname="backend.tests.test_iteration_28_mercadopago.TestSubscriptionPlans" name="test_plans_have_correct_ids" time="0.210" /><testcase classname="backend.tests.test_iteration_28_mercadopago.TestSubscriptionPlans" name="test_plans_have_correct_prices" time="0.215" /><testcase classname="backend.tests.test_iteration_28_mercadopago.TestCreatePayment" name="test_create_payment_requires_auth" time="0.108" /><testcase classname="backend.tests.test_iteration_28_mercadopago.TestCreatePayment" name="test_create_payment_returns_checkout_url" time="1.568" /><testcase classname="backend.tests.test_iteration_28_mercadopago.TestCreatePayment" name="test_create_payment_invalid_plan" time="0.501" /><testcase classname="backend.tests.test_iteration_28_mercadopago.TestWebhook" name="test_webhook_endpoint_exists" time="0.058" /><testcase classname="backend.tests.test_iteration_28_mercadopago.TestWebhook" name="test_webhook_handles_payment_notification" time="0.237" /><testcase classname="backend.tests.test_iteration_28_mercadopago.TestMySubscription" name="test_my_subscription_requires_auth" time="0.194" /><testcase classname="backend.tests.test_iteration_28_mercadopago.TestMySubscription" name="test_my_subscription_returns_status" time="0.380" /><testcase classname="backend.tests.test_iteration_28_mercadopago.TestProviderLogin" name="test_provider_login_works" time="0.468" /></testsuite></testsuites>