<?xml version="1.0" encoding="utf-8"?><testsuites name="pytest tests"><testsuite name="pytest" errors="0" failures="0" skipped="0" tests="13" time="17.211" timestamp="2026-02-18T18:46:00.048664+00:00" hostname="agent-env-ae96a383-2c75-4fc7-801f-1d2f9b22e9fb"><testcase classname="backend.tests.test_iteration_8.TestHealthAndProviders" name="test_health_check" time="0.234" /><testcase classname="backend.tests.test_iteration_8.TestHealthAndProviders" name="test_providers_endpoint_returns_data" time="2.354" /><testcase classname="backend.tests.test_iteration_8.TestHealthAndProviders" name="test_providers_have_services_with_pet_sizes" time="1.083" /><testcase classname="backend.tests.test_iteration_8.TestHealthAndProviders" name="test_provider_services_structure" time="1.009" /><testcase classname="backend.tests.test_iteration_8.TestAdminMetrics" name="test_admin_login_success" time="0.506" /><testcase classname="backend.tests.test_iteration_8.TestAdminMetrics" name="test_metrics_requires_authentication" time="0.172" /><testcase classname="backend.tests.test_iteration_8.TestAdminMetrics" name="test_metrics_returns_6_months_data" time="4.199" /><testcase classname="backend.tests.test_iteration_8.TestAdminMetrics" name="test_metrics_data_structure" time="3.709" /><testcase classname="backend.tests.test_iteration_8.TestAdminMetrics" name="test_admin_stats_endpoint" time="1.159" /><testcase classname="backend.tests.test_iteration_8.TestProviderFiltering" name="test_filter_by_service_type_alojamiento" time="0.755" /><testcase classname="backend.tests.test_iteration_8.TestProviderFiltering" name="test_filter_by_service_type_guarderia" time="0.877" /><testcase classname="backend.tests.test_iteration_8.TestProviderFiltering" name="test_filter_by_service_type_paseo" time="0.683" /><testcase classname="backend.tests.test_iteration_8.TestSubscriptionPlans" name="test_subscription_plans_public" time="0.382" /></testsuite></testsuites>