<?xml version="1.0" encoding="utf-8"?><testsuites name="pytest tests"><testsuite name="pytest" errors="0" failures="0" skipped="0" tests="16" time="12.453" timestamp="2026-03-05T13:30:17.207350+00:00" hostname="agent-env-c5c58f19-6756-41cb-82bd-197e5c5dcb9d"><testcase classname="backend.tests.test_iteration_16_care_requests.TestSubscriptionPlans" name="test_get_subscription_plans_returns_single_plan" time="1.571" /><testcase classname="backend.tests.test_iteration_16_care_requests.TestCareRequestsCreate" name="test_create_care_request_requires_auth" time="0.117" /><testcase classname="backend.tests.test_iteration_16_care_requests.TestCareRequestsCreate" name="test_create_care_request_success" time="1.896" /><testcase classname="backend.tests.test_iteration_16_care_requests.TestCareRequestsCreate" name="test_create_care_request_invalid_pet" time="0.397" /><testcase classname="backend.tests.test_iteration_16_care_requests.TestCareRequestsMyRequests" name="test_my_requests_requires_auth" time="0.144" /><testcase classname="backend.tests.test_iteration_16_care_requests.TestCareRequestsMyRequests" name="test_my_requests_returns_list" time="0.395" /><testcase classname="backend.tests.test_iteration_16_care_requests.TestCareRequestsProviderView" name="test_care_requests_requires_auth" time="0.116" /><testcase classname="backend.tests.test_iteration_16_care_requests.TestCareRequestsProviderView" name="test_care_requests_requires_provider_role" time="0.388" /><testcase classname="backend.tests.test_iteration_16_care_requests.TestCareRequestsProviderView" name="test_care_requests_provider_access" time="1.211" /><testcase classname="backend.tests.test_iteration_16_care_requests.TestCareRequestsProviderView" name="test_care_requests_filter_by_service_type" time="0.693" /><testcase classname="backend.tests.test_iteration_16_care_requests.TestCareRequestsUpdate" name="test_update_care_request_pause" time="1.234" /><testcase classname="backend.tests.test_iteration_16_care_requests.TestCareRequestsUpdate" name="test_update_care_request_activate" time="0.684" /><testcase classname="backend.tests.test_iteration_16_care_requests.TestCareRequestsUpdate" name="test_update_nonexistent_request" time="0.443" /><testcase classname="backend.tests.test_iteration_16_care_requests.TestCareRequestsDelete" name="test_delete_care_request" time="1.364" /><testcase classname="backend.tests.test_iteration_16_care_requests.TestCareRequestsDelete" name="test_delete_nonexistent_request" time="0.435" /><testcase classname="backend.tests.test_iteration_16_care_requests.TestCleanup" name="test_cleanup_created_requests" time="1.274" /></testsuite></testsuites>