<?xml version="1.0" encoding="utf-8"?><testsuites name="pytest tests"><testsuite name="pytest" errors="0" failures="0" skipped="0" tests="13" time="20.632" timestamp="2026-03-05T15:52:48.462956+00:00" hostname="agent-env-4ecc0fb4-daa6-4995-ab7a-172d8459dedc"><testcase classname="tests.test_iteration_18_features.TestProvidersFeaturedsort" name="test_providers_list_returns_providers" time="4.206" /><testcase classname="tests.test_iteration_18_features.TestProvidersFeaturedsort" name="test_providers_have_is_featured_field" time="2.839" /><testcase classname="tests.test_iteration_18_features.TestProvidersFeaturedsort" name="test_providers_sorted_by_featured_status" time="2.894" /><testcase classname="tests.test_iteration_18_features.TestProviderDetailsFeatured" name="test_provider_details_has_is_featured" time="4.007" /><testcase classname="tests.test_iteration_18_features.TestServiceHistory" name="test_service_history_requires_auth" time="0.123" /><testcase classname="tests.test_iteration_18_features.TestServiceHistory" name="test_service_history_returns_list" time="1.073" /><testcase classname="tests.test_iteration_18_features.TestSubscriptionInvoices" name="test_invoices_requires_auth" time="0.114" /><testcase classname="tests.test_iteration_18_features.TestSubscriptionInvoices" name="test_invoices_returns_list" time="1.023" /><testcase classname="tests.test_iteration_18_features.TestSOSInfo" name="test_sos_info_returns_availability_fields" time="0.879" /><testcase classname="tests.test_iteration_18_features.TestAdminSOSConfig" name="test_admin_get_sos_config" time="0.891" /><testcase classname="tests.test_iteration_18_features.TestAdminSOSConfig" name="test_admin_update_sos_config_with_hours" time="1.505" /><testcase classname="tests.test_iteration_18_features.TestAuthEndpoints" name="test_provider_login" time="0.496" /><testcase classname="tests.test_iteration_18_features.TestAuthEndpoints" name="test_admin_login" time="0.510" /></testsuite></testsuites>