<?xml version="1.0" encoding="utf-8"?><testsuites name="pytest tests"><testsuite name="pytest" errors="0" failures="0" skipped="0" tests="21" time="18.855" timestamp="2026-03-06T14:21:32.194177+00:00" hostname="agent-env-5af3cadf-3dd0-46f5-bd7a-042ac6a5ec8e"><testcase classname="backend.tests.test_iteration_24_contact_connection_model.TestContactRequestsAPI" name="test_contact_request_requires_auth" time="0.175" /><testcase classname="backend.tests.test_iteration_24_contact_connection_model.TestContactRequestsAPI" name="test_free_client_cannot_send_contact_request" time="2.234" /><testcase classname="backend.tests.test_iteration_24_contact_connection_model.TestContactRequestsAPI" name="test_premium_client_can_view_sent_requests" time="1.036" /><testcase classname="backend.tests.test_iteration_24_contact_connection_model.TestContactRequestsAPI" name="test_carer_can_view_received_requests" time="1.046" /><testcase classname="backend.tests.test_iteration_24_contact_connection_model.TestConnectionStatusAPI" name="test_check_connection_requires_auth" time="0.117" /><testcase classname="backend.tests.test_iteration_24_contact_connection_model.TestConnectionStatusAPI" name="test_check_connection_returns_status" time="0.912" /><testcase classname="backend.tests.test_iteration_24_contact_connection_model.TestConnectionStatusAPI" name="test_get_all_connections" time="0.544" /><testcase classname="backend.tests.test_iteration_24_contact_connection_model.TestChatPermissions" name="test_chat_requires_auth" time="0.105" /><testcase classname="backend.tests.test_iteration_24_contact_connection_model.TestChatPermissions" name="test_chat_blocked_for_unconnected_users" time="0.925" /><testcase classname="backend.tests.test_iteration_24_contact_connection_model.TestChatPermissions" name="test_get_conversations_only_shows_connected" time="1.196" /><testcase classname="backend.tests.test_iteration_24_contact_connection_model.TestCareRequestsPermissions" name="test_care_requests_requires_auth" time="0.107" /><testcase classname="backend.tests.test_iteration_24_contact_connection_model.TestCareRequestsPermissions" name="test_client_cannot_view_care_requests" time="0.876" /><testcase classname="backend.tests.test_iteration_24_contact_connection_model.TestCareRequestsPermissions" name="test_subscribed_carer_can_view_care_requests" time="1.510" /><testcase classname="backend.tests.test_iteration_24_contact_connection_model.TestProposalAcceptanceConnection" name="test_received_proposals_endpoint_works" time="0.931" /><testcase classname="backend.tests.test_iteration_24_contact_connection_model.TestProviderProfileConnectionFlags" name="test_provider_profile_has_connection_flags" time="1.633" /><testcase classname="backend.tests.test_iteration_24_contact_connection_model.TestProviderProfileConnectionFlags" name="test_provider_profile_hides_contact_when_not_connected" time="1.745" /><testcase classname="backend.tests.test_iteration_24_contact_connection_model.TestProviderProfileConnectionFlags" name="test_free_client_no_subscription_flag" time="1.267" /><testcase classname="backend.tests.test_iteration_24_contact_connection_model.TestProviderProfileConnectionFlags" name="test_premium_client_has_subscription_flag" time="1.160" /><testcase classname="backend.tests.test_iteration_24_contact_connection_model.TestContactRequestResponse" name="test_accept_requires_auth" time="0.126" /><testcase classname="backend.tests.test_iteration_24_contact_connection_model.TestContactRequestResponse" name="test_reject_requires_auth" time="0.111" /><testcase classname="backend.tests.test_iteration_24_contact_connection_model.TestContactRequestResponse" name="test_invalid_request_id_returns_404" time="0.985" /></testsuite></testsuites>