<?xml version="1.0" encoding="utf-8"?><testsuites name="pytest tests"><testsuite name="pytest" errors="0" failures="0" skipped="0" tests="11" time="11.276" timestamp="2026-03-16T20:54:07.520647+00:00" hostname="agent-env-2ceef457-860c-4f6c-a2b6-14ec74ccf174"><testcase classname="backend.tests.test_iteration_38_provider_restructure.TestProviderAuthentication" name="test_provider_login" time="1.888" /><testcase classname="backend.tests.test_iteration_38_provider_restructure.TestMyProfileEndpoint" name="test_my_profile_returns_full_data" time="1.126" /><testcase classname="backend.tests.test_iteration_38_provider_restructure.TestMyProfileEndpoint" name="test_my_profile_returns_401_without_auth" time="0.143" /><testcase classname="backend.tests.test_iteration_38_provider_restructure.TestAmenitiesEndpoint" name="test_amenities_returns_401_without_auth" time="0.120" /><testcase classname="backend.tests.test_iteration_38_provider_restructure.TestAmenitiesEndpoint" name="test_amenities_save_and_verify" time="1.496" /><testcase classname="backend.tests.test_iteration_38_provider_restructure.TestAmenitiesEndpoint" name="test_amenities_save_empty_array" time="1.578" /><testcase classname="backend.tests.test_iteration_38_provider_restructure.TestSocialLinksEndpoint" name="test_social_returns_401_without_auth" time="0.129" /><testcase classname="backend.tests.test_iteration_38_provider_restructure.TestSocialLinksEndpoint" name="test_social_links_save_and_verify" time="1.476" /><testcase classname="backend.tests.test_iteration_38_provider_restructure.TestSocialLinksEndpoint" name="test_social_links_partial_save" time="0.899" /><testcase classname="backend.tests.test_iteration_38_provider_restructure.TestServicesEndpoint" name="test_services_returns_401_without_auth" time="0.179" /><testcase classname="backend.tests.test_iteration_38_provider_restructure.TestServicesEndpoint" name="test_services_save_and_verify" time="2.175" /></testsuite></testsuites>