<?xml version="1.0" encoding="utf-8"?><testsuites name="pytest tests"><testsuite name="pytest" errors="0" failures="0" skipped="0" tests="9" time="12.616" timestamp="2026-03-16T16:22:21.693870+00:00" hostname="agent-env-2ceef457-860c-4f6c-a2b6-14ec74ccf174"><testcase classname="backend.tests.test_provider_registration_multistep.TestProviderRegistration" name="test_register_provider_success" time="2.869" /><testcase classname="backend.tests.test_provider_registration_multistep.TestProviderRegistration" name="test_register_provider_duplicate_email" time="1.167" /><testcase classname="backend.tests.test_provider_registration_multistep.TestProviderRegistration" name="test_register_provider_short_password" time="0.143" /><testcase classname="backend.tests.test_provider_registration_multistep.TestProviderRegistration" name="test_register_provider_empty_business_name" time="0.160" /><testcase classname="backend.tests.test_provider_registration_multistep.TestProviderPendingApproval" name="test_provider_in_pending_list" time="1.912" /><testcase classname="backend.tests.test_provider_registration_multistep.TestProviderPendingApproval" name="test_pending_requires_auth" time="0.168" /><testcase classname="backend.tests.test_provider_registration_multistep.TestProviderPublicSearch" name="test_pending_provider_not_in_public_search" time="2.356" /><testcase classname="backend.tests.test_provider_registration_multistep.TestAdminProviderApproval" name="test_admin_approve_provider" time="3.618" /><testcase classname="backend.tests.test_provider_registration_multistep.TestAdminProviderApproval" name="test_approve_requires_admin" time="0.128" /></testsuite></testsuites>