<?xml version="1.0" encoding="utf-8"?><testsuites name="pytest tests"><testsuite name="pytest" errors="0" failures="0" skipped="0" tests="43" time="2.367" timestamp="2026-02-04T21:01:49.375170+00:00" hostname="agent-env-e1c0d4d7-eaba-4fa2-95eb-c1445636d6a5"><testcase classname="backend.tests.test_admin_notifications_api.TestAdminStatsEndpoint" name="test_admin_stats_with_admin_auth" time="0.070" /><testcase classname="backend.tests.test_admin_notifications_api.TestAdminStatsEndpoint" name="test_admin_stats_requires_admin_role" time="0.050" /><testcase classname="backend.tests.test_admin_notifications_api.TestAdminStatsEndpoint" name="test_admin_stats_requires_auth" time="0.079" /><testcase classname="backend.tests.test_admin_notifications_api.TestAdminPendingProvidersEndpoint" name="test_get_pending_providers_with_admin" time="0.047" /><testcase classname="backend.tests.test_admin_notifications_api.TestAdminPendingProvidersEndpoint" name="test_pending_providers_requires_admin" time="0.038" /><testcase classname="backend.tests.test_admin_notifications_api.TestAdminAllProvidersEndpoint" name="test_get_all_providers_with_admin" time="0.039" /><testcase classname="backend.tests.test_admin_notifications_api.TestAdminAllProvidersEndpoint" name="test_all_providers_requires_admin" time="0.042" /><testcase classname="backend.tests.test_admin_notifications_api.TestAdminApproveProviderEndpoint" name="test_approve_provider_not_found" time="0.044" /><testcase classname="backend.tests.test_admin_notifications_api.TestAdminApproveProviderEndpoint" name="test_approve_provider_requires_admin" time="0.045" /><testcase classname="backend.tests.test_admin_notifications_api.TestAdminRejectProviderEndpoint" name="test_reject_provider_not_found" time="0.043" /><testcase classname="backend.tests.test_admin_notifications_api.TestAdminRejectProviderEndpoint" name="test_reject_provider_requires_admin" time="0.039" /><testcase classname="backend.tests.test_admin_notifications_api.TestAdminVerifyProviderEndpoint" name="test_verify_provider_not_found" time="0.050" /><testcase classname="backend.tests.test_admin_notifications_api.TestAdminVerifyProviderEndpoint" name="test_verify_provider_requires_admin" time="0.042" /><testcase classname="backend.tests.test_admin_notifications_api.TestNotificationsEndpoint" name="test_get_notifications_with_auth" time="0.042" /><testcase classname="backend.tests.test_admin_notifications_api.TestNotificationsEndpoint" name="test_notifications_requires_auth" time="0.034" /><testcase classname="backend.tests.test_admin_notifications_api.TestUnreadCountEndpoint" name="test_get_unread_count_with_auth" time="0.041" /><testcase classname="backend.tests.test_admin_notifications_api.TestUnreadCountEndpoint" name="test_unread_count_requires_auth" time="0.079" /><testcase classname="backend.tests.test_admin_notifications_api.TestMarkNotificationReadEndpoint" name="test_mark_read_requires_auth" time="0.039" /><testcase classname="backend.tests.test_admin_notifications_api.TestMarkNotificationReadEndpoint" name="test_mark_read_invalid_id" time="0.042" /><testcase classname="backend.tests.test_admin_notifications_api.TestMarkAllReadEndpoint" name="test_mark_all_read_with_auth" time="0.039" /><testcase classname="backend.tests.test_admin_notifications_api.TestMarkAllReadEndpoint" name="test_mark_all_read_requires_auth" time="0.038" /><testcase classname="backend.tests.test_admin_notifications_api.TestAdminWorkflow" name="test_admin_stats_reflects_correct_counts" time="0.046" /><testcase classname="backend.tests.test_payment_api.TestSubscriptionPlansEndpoint" name="test_get_subscription_plans_returns_three_plans" time="0.036" /><testcase classname="backend.tests.test_payment_api.TestSubscriptionPlansEndpoint" name="test_subscription_plans_have_prices" time="0.037" /><testcase classname="backend.tests.test_payment_api.TestSubscriptionPlansEndpoint" name="test_subscription_plans_have_required_fields" time="0.046" /><testcase classname="backend.tests.test_payment_api.TestSubscriptionPlansEndpoint" name="test_subscription_plans_have_plan_ids" time="0.035" /><testcase classname="backend.tests.test_payment_api.TestSubscriptionPlansEndpoint" name="test_popular_plan_marked" time="0.077" /><testcase classname="backend.tests.test_payment_api.TestMercadoPagoWebhookEndpoint" name="test_webhook_endpoint_exists" time="0.292" /><testcase classname="backend.tests.test_payment_api.TestMercadoPagoWebhookEndpoint" name="test_webhook_handles_empty_payload" time="0.047" /><testcase classname="backend.tests.test_payment_api.TestMercadoPagoWebhookEndpoint" name="test_webhook_handles_non_payment_type" time="0.039" /><testcase classname="backend.tests.test_payment_api.TestCreatePaymentEndpoint" name="test_create_payment_requires_auth" time="0.046" /><testcase classname="backend.tests.test_payment_api.TestSubscriptionMyEndpoint" name="test_my_subscription_requires_auth" time="0.040" /><testcase classname="backend.tests.test_providers_api.TestHealthEndpoint" name="test_health_check" time="0.039" /><testcase classname="backend.tests.test_providers_api.TestProvidersAPI" name="test_get_all_providers" time="0.047" /><testcase classname="backend.tests.test_providers_api.TestProvidersAPI" name="test_providers_have_coordinates" time="0.057" /><testcase classname="backend.tests.test_providers_api.TestProvidersAPI" name="test_providers_have_services" time="0.045" /><testcase classname="backend.tests.test_providers_api.TestProvidersAPI" name="test_providers_have_photos" time="0.046" /><testcase classname="backend.tests.test_providers_api.TestProvidersAPI" name="test_providers_have_rating" time="0.041" /><testcase classname="backend.tests.test_providers_api.TestSingleProviderAPI" name="test_get_provider_by_id" time="0.078" /><testcase classname="backend.tests.test_providers_api.TestSingleProviderAPI" name="test_provider_has_contact_blocked_for_unauthenticated" time="0.083" /><testcase classname="backend.tests.test_providers_api.TestSingleProviderAPI" name="test_provider_not_found" time="0.039" /><testcase classname="backend.tests.test_providers_api.TestSubscriptionPlansAPI" name="test_get_subscription_plans" time="0.037" /><testcase classname="backend.tests.test_providers_api.TestAuthEndpoint" name="test_auth_me_requires_authentication" time="0.041" /></testsuite></testsuites>