<?xml version="1.0" encoding="utf-8"?><testsuites name="pytest tests"><testsuite name="pytest" errors="0" failures="0" skipped="0" tests="22" time="12.740" timestamp="2026-02-18T20:06:04.478649+00:00" hostname="agent-env-e932a1a8-6b03-483a-95cb-52c95437ba7b"><testcase classname="tests.test_refactoring_regression.TestHealthCheck" name="test_health_endpoint" time="0.169" /><testcase classname="tests.test_refactoring_regression.TestAuthEndpoints" name="test_login_admin_success" time="0.506" /><testcase classname="tests.test_refactoring_regression.TestAuthEndpoints" name="test_login_invalid_credentials" time="0.239" /><testcase classname="tests.test_refactoring_regression.TestAuthEndpoints" name="test_register_new_user" time="0.658" /><testcase classname="tests.test_refactoring_regression.TestAuthEndpoints" name="test_register_short_password" time="0.086" /><testcase classname="tests.test_refactoring_regression.TestAuthEndpoints" name="test_get_me_with_token" time="0.426" /><testcase classname="tests.test_refactoring_regression.TestAuthEndpoints" name="test_get_me_without_token" time="0.100" /><testcase classname="tests.test_refactoring_regression.TestAuthEndpoints" name="test_google_auth_no_params" time="0.078" /><testcase classname="tests.test_refactoring_regression.TestAuthEndpoints" name="test_google_auth_fake_code" time="0.170" /><testcase classname="tests.test_refactoring_regression.TestAuthEndpoints" name="test_forgot_password" time="0.795" /><testcase classname="tests.test_refactoring_regression.TestAuthEndpoints" name="test_logout" time="0.073" /><testcase classname="tests.test_refactoring_regression.TestProviderEndpoints" name="test_get_providers_list" time="0.928" /><testcase classname="tests.test_refactoring_regression.TestProviderEndpoints" name="test_get_providers_filtered_by_service" time="0.642" /><testcase classname="tests.test_refactoring_regression.TestSubscriptionEndpoints" name="test_get_subscription_plans" time="0.209" /><testcase classname="tests.test_refactoring_regression.TestAdminEndpoints" name="test_admin_stats" time="1.551" /><testcase classname="tests.test_refactoring_regression.TestAdminEndpoints" name="test_admin_metrics" time="3.689" /><testcase classname="tests.test_refactoring_regression.TestAdminEndpoints" name="test_admin_plans" time="0.354" /><testcase classname="tests.test_refactoring_regression.TestNotificationEndpoints" name="test_get_notifications" time="0.371" /><testcase classname="tests.test_refactoring_regression.TestNotificationEndpoints" name="test_get_unread_count" time="0.379" /><testcase classname="tests.test_refactoring_regression.TestFavoritesEndpoints" name="test_get_favorites" time="0.493" /><testcase classname="tests.test_refactoring_regression.TestChatEndpoints" name="test_get_conversations" time="0.360" /><testcase classname="tests.test_refactoring_regression.TestMiscEndpoints" name="test_get_my_pets" time="0.379" /></testsuite></testsuites>